#
# There is insufficient memory for the Java Runtime Environment to continue.
# Native memory allocation (malloc) failed to allocate 743856 bytes for Chunk::new
# Possible reasons:
#   The system is out of physical RAM or swap space
#   The process is running with CompressedOops enabled, and the Java Heap may be blocking the growth of the native heap
# Possible solutions:
#   Reduce memory load on the system
#   Increase physical memory or swap space
#   Check if swap backing store is full
#   Decrease Java heap size (-Xmx/-Xms)
#   Decrease number of Java threads
#   Decrease Java thread stack sizes (-Xss)
#   Set larger code cache with -XX:ReservedCodeCacheSize=
#   JVM is running with Unscaled Compressed Oops mode in which the Java heap is
#     placed in the first 4GB address space. The Java Heap base address is the
#     maximum limit for the native heap growth. Please use -XX:HeapBaseMinAddress
#     to set the Java Heap base and to place the Java Heap above 4GB virtual address.
# This output file may be truncated or incomplete.
#
#  Out of Memory Error (allocation.cpp:389), pid=14732, tid=0x00000000000012b4
#
# JRE version: OpenJDK Runtime Environment (8.0_302-b08) (build 1.8.0_302-b08)
# Java VM: OpenJDK 64-Bit Server VM (25.302-b08 mixed mode windows-amd64 compressed oops)
# Failed to write core dump. Minidumps are not enabled by default on client versions of Windows
#

---------------  T H R E A D  ---------------

Current thread (0x00000174a7b96000):  JavaThread "C2 CompilerThread0" daemon [_thread_in_native, id=4788, stack(0x00000021d3900000,0x00000021d3a00000)]

Stack: [0x00000021d3900000,0x00000021d3a00000]
[error occurred during error reporting (printing stack bounds), id 0xc0000005]

Native frames: (J=compiled Java code, j=interpreted, Vv=VM code, C=native code)


Current CompileTask:
C2:  20617 11536       4       org.gradle.tooling.internal.adapter.ProtocolToModelAdapter$InvocationHandlerImpl::invoke (176 bytes)


---------------  P R O C E S S  ---------------

Java Threads: ( => current thread )
  0x00000174ab948000 JavaThread "pool-3-thread-1" [_thread_blocked, id=15804, stack(0x00000021dcf00000,0x00000021dd000000)]
  0x00000174ab946000 JavaThread "Memory manager" [_thread_blocked, id=7512, stack(0x00000021dce00000,0x00000021dcf00000)]
  0x00000174ab945800 JavaThread "jar transforms Thread 97" [_thread_blocked, id=1064, stack(0x00000021dcd00000,0x00000021dce00000)]
  0x00000174ab944800 JavaThread "jar transforms Thread 96" [_thread_blocked, id=532, stack(0x00000021dcc00000,0x00000021dcd00000)]
  0x00000174ab947000 JavaThread "jar transforms Thread 95" [_thread_blocked, id=15320, stack(0x00000021dcb00000,0x00000021dcc00000)]
  0x00000174ab944000 JavaThread "jar transforms Thread 94" [_thread_blocked, id=14708, stack(0x00000021dca00000,0x00000021dcb00000)]
  0x00000174af800000 JavaThread "jar transforms Thread 93" [_thread_blocked, id=8324, stack(0x00000021dc900000,0x00000021dca00000)]
  0x00000174af7fc800 JavaThread "jar transforms Thread 92" [_thread_blocked, id=12400, stack(0x00000021dc800000,0x00000021dc900000)]
  0x00000174af7ff000 JavaThread "jar transforms Thread 91" [_thread_blocked, id=3960, stack(0x00000021dc700000,0x00000021dc800000)]
  0x00000174af7fe800 JavaThread "jar transforms Thread 90" [_thread_blocked, id=14736, stack(0x00000021dc600000,0x00000021dc700000)]
  0x00000174af7fc000 JavaThread "jar transforms Thread 89" [_thread_blocked, id=14464, stack(0x00000021dc500000,0x00000021dc600000)]
  0x00000174af7fd800 JavaThread "jar transforms Thread 88" [_thread_blocked, id=2520, stack(0x00000021dc400000,0x00000021dc500000)]
  0x00000174af7f4000 JavaThread "jar transforms Thread 87" [_thread_blocked, id=10120, stack(0x00000021dc300000,0x00000021dc400000)]
  0x00000174af7fb000 JavaThread "jar transforms Thread 86" [_thread_blocked, id=11716, stack(0x00000021dc200000,0x00000021dc300000)]
  0x00000174af7f3800 JavaThread "jar transforms Thread 85" [_thread_blocked, id=10840, stack(0x00000021dc100000,0x00000021dc200000)]
  0x00000174af7fa800 JavaThread "jar transforms Thread 84" [_thread_blocked, id=8352, stack(0x00000021dc000000,0x00000021dc100000)]
  0x00000174af7f9800 JavaThread "jar transforms Thread 83" [_thread_blocked, id=4904, stack(0x00000021dbf00000,0x00000021dc000000)]
  0x00000174af7f8000 JavaThread "jar transforms Thread 82" [_thread_blocked, id=16712, stack(0x00000021dbe00000,0x00000021dbf00000)]
  0x00000174af7f1800 JavaThread "jar transforms Thread 81" [_thread_blocked, id=7720, stack(0x00000021dbd00000,0x00000021dbe00000)]
  0x00000174af7f9000 JavaThread "jar transforms Thread 80" [_thread_blocked, id=17176, stack(0x00000021dbc00000,0x00000021dbd00000)]
  0x00000174af7f7000 JavaThread "jar transforms Thread 79" [_thread_blocked, id=12232, stack(0x00000021dbb00000,0x00000021dbc00000)]
  0x00000174af7f2800 JavaThread "jar transforms Thread 78" [_thread_blocked, id=15080, stack(0x00000021dba00000,0x00000021dbb00000)]
  0x00000174af7f1000 JavaThread "jar transforms Thread 77" [_thread_blocked, id=15184, stack(0x00000021db900000,0x00000021dba00000)]
  0x00000174af7f6800 JavaThread "jar transforms Thread 76" [_thread_blocked, id=1500, stack(0x00000021db800000,0x00000021db900000)]
  0x00000174af7f5800 JavaThread "jar transforms Thread 75" [_thread_blocked, id=7364, stack(0x00000021db700000,0x00000021db800000)]
  0x00000174af7f5000 JavaThread "jar transforms Thread 74" [_thread_blocked, id=5464, stack(0x00000021db600000,0x00000021db700000)]
  0x00000174ab5ae800 JavaThread "jar transforms Thread 73" [_thread_blocked, id=16016, stack(0x00000021db500000,0x00000021db600000)]
  0x00000174ab5ad800 JavaThread "jar transforms Thread 72" [_thread_blocked, id=6276, stack(0x00000021db400000,0x00000021db500000)]
  0x00000174ab5aa800 JavaThread "jar transforms Thread 71" [_thread_blocked, id=13184, stack(0x00000021db300000,0x00000021db400000)]
  0x00000174ab5ab800 JavaThread "jar transforms Thread 70" [_thread_blocked, id=12444, stack(0x00000021db200000,0x00000021db300000)]
  0x00000174ab5ac000 JavaThread "jar transforms Thread 69" [_thread_blocked, id=13280, stack(0x00000021db100000,0x00000021db200000)]
  0x00000174ab5a9000 JavaThread "jar transforms Thread 68" [_thread_blocked, id=7784, stack(0x00000021db000000,0x00000021db100000)]
  0x00000174ab5aa000 JavaThread "jar transforms Thread 67" [_thread_blocked, id=15784, stack(0x00000021daf00000,0x00000021db000000)]
  0x00000174ab5ad000 JavaThread "jar transforms Thread 66" [_thread_blocked, id=9360, stack(0x00000021dae00000,0x00000021daf00000)]
  0x00000174ab5a1000 JavaThread "jar transforms Thread 65" [_thread_blocked, id=6812, stack(0x00000021dad00000,0x00000021dae00000)]
  0x00000174ab5a8000 JavaThread "jar transforms Thread 64" [_thread_blocked, id=16072, stack(0x00000021dac00000,0x00000021dad00000)]
  0x00000174ab5a0800 JavaThread "jar transforms Thread 63" [_thread_blocked, id=14096, stack(0x00000021dab00000,0x00000021dac00000)]
  0x00000174ab5a7800 JavaThread "jar transforms Thread 62" [_thread_blocked, id=11544, stack(0x00000021daa00000,0x00000021dab00000)]
  0x00000174ab59f800 JavaThread "jar transforms Thread 61" [_thread_blocked, id=4068, stack(0x00000021da900000,0x00000021daa00000)]
  0x00000174ab5a6800 JavaThread "jar transforms Thread 60" [_thread_blocked, id=15504, stack(0x00000021da800000,0x00000021da900000)]
  0x00000174ab5a6000 JavaThread "jar transforms Thread 59" [_thread_blocked, id=4612, stack(0x00000021da700000,0x00000021da800000)]
  0x00000174ab5a5000 JavaThread "jar transforms Thread 58" [_thread_blocked, id=16224, stack(0x00000021da600000,0x00000021da700000)]
  0x00000174ab5a2800 JavaThread "jar transforms Thread 57" [_thread_blocked, id=15604, stack(0x00000021da500000,0x00000021da600000)]
  0x00000174ab5a4800 JavaThread "jar transforms Thread 56" [_thread_blocked, id=14812, stack(0x00000021da400000,0x00000021da500000)]
  0x00000174ab5a3800 JavaThread "jar transforms Thread 55" [_thread_blocked, id=7204, stack(0x00000021da300000,0x00000021da400000)]
  0x00000174ab5a2000 JavaThread "jar transforms Thread 54" [_thread_blocked, id=4196, stack(0x00000021da200000,0x00000021da300000)]
  0x00000174b010c000 JavaThread "jar transforms Thread 53" [_thread_blocked, id=17380, stack(0x00000021da100000,0x00000021da200000)]
  0x00000174b010b000 JavaThread "jar transforms Thread 52" [_thread_blocked, id=13720, stack(0x00000021da000000,0x00000021da100000)]
  0x00000174b010a800 JavaThread "jar transforms Thread 51" [_thread_blocked, id=5192, stack(0x00000021d9f00000,0x00000021da000000)]
  0x00000174b0109800 JavaThread "jar transforms Thread 50" [_thread_blocked, id=5440, stack(0x00000021d9e00000,0x00000021d9f00000)]
  0x00000174b0109000 JavaThread "jar transforms Thread 49" [_thread_blocked, id=3580, stack(0x00000021d9d00000,0x00000021d9e00000)]
  0x00000174b0101000 JavaThread "jar transforms Thread 48" [_thread_blocked, id=15824, stack(0x00000021d9c00000,0x00000021d9d00000)]
  0x00000174b0108000 JavaThread "jar transforms Thread 47" [_thread_blocked, id=17036, stack(0x00000021d9b00000,0x00000021d9c00000)]
  0x00000174b0100000 JavaThread "jar transforms Thread 46" [_thread_blocked, id=7208, stack(0x00000021d9a00000,0x00000021d9b00000)]
  0x00000174b0107000 JavaThread "jar transforms Thread 45" [_thread_blocked, id=964, stack(0x00000021d9900000,0x00000021d9a00000)]
  0x00000174b0106800 JavaThread "jar transforms Thread 44" [_thread_blocked, id=13848, stack(0x00000021d9800000,0x00000021d9900000)]
  0x00000174b00ff800 JavaThread "jar transforms Thread 43" [_thread_blocked, id=13076, stack(0x00000021d9700000,0x00000021d9800000)]
  0x00000174b0105800 JavaThread "jar transforms Thread 42" [_thread_blocked, id=12392, stack(0x00000021d9600000,0x00000021d9700000)]
  0x00000174b00fe000 JavaThread "jar transforms Thread 41" [_thread_blocked, id=4848, stack(0x00000021d9500000,0x00000021d9600000)]
  0x00000174b0105000 JavaThread "jar transforms Thread 40" [_thread_blocked, id=5976, stack(0x00000021d9400000,0x00000021d9500000)]
  0x00000174b00fe800 JavaThread "jar transforms Thread 39" [_thread_blocked, id=11516, stack(0x00000021d9300000,0x00000021d9400000)]
  0x00000174b0102800 JavaThread "jar transforms Thread 38" [_thread_blocked, id=15008, stack(0x00000021d9200000,0x00000021d9300000)]
  0x00000174b0101800 JavaThread "jar transforms Thread 37" [_thread_blocked, id=4120, stack(0x00000021d9100000,0x00000021d9200000)]
  0x00000174b00fd000 JavaThread "jar transforms Thread 36" [_thread_blocked, id=16848, stack(0x00000021d9000000,0x00000021d9100000)]
  0x00000174b0104000 JavaThread "jar transforms Thread 35" [_thread_blocked, id=15384, stack(0x00000021d8f00000,0x00000021d9000000)]
  0x00000174b0103800 JavaThread "jar transforms Thread 34" [_thread_blocked, id=15908, stack(0x00000021d8e00000,0x00000021d8f00000)]
  0x00000174ae2c1000 JavaThread "jar transforms Thread 33" [_thread_blocked, id=17152, stack(0x00000021d8d00000,0x00000021d8e00000)]
  0x00000174ae2bf800 JavaThread "jar transforms Thread 32" [_thread_blocked, id=9980, stack(0x00000021d8c00000,0x00000021d8d00000)]
  0x00000174ae2c1800 JavaThread "jar transforms Thread 31" [_thread_blocked, id=9536, stack(0x00000021d8b00000,0x00000021d8c00000)]
  0x00000174ae2bd800 JavaThread "jar transforms Thread 30" [_thread_blocked, id=16944, stack(0x00000021d8a00000,0x00000021d8b00000)]
  0x00000174ae2c3000 JavaThread "jar transforms Thread 29" [_thread_blocked, id=16404, stack(0x00000021d8900000,0x00000021d8a00000)]
  0x00000174ae2c2800 JavaThread "jar transforms Thread 28" [_thread_blocked, id=16924, stack(0x00000021d8800000,0x00000021d8900000)]
  0x00000174ae2c0000 JavaThread "jar transforms Thread 27" [_thread_blocked, id=3984, stack(0x00000021d8700000,0x00000021d8800000)]
  0x00000174ae2be800 JavaThread "jar transforms Thread 26" [_thread_blocked, id=15844, stack(0x00000021d8600000,0x00000021d8700000)]
  0x00000174ae2b6000 JavaThread "jar transforms Thread 25" [_thread_blocked, id=8896, stack(0x00000021d8500000,0x00000021d8600000)]
  0x00000174ae2bd000 JavaThread "jar transforms Thread 24" [_thread_blocked, id=6504, stack(0x00000021d8400000,0x00000021d8500000)]
  0x00000174ae2b5000 JavaThread "jar transforms Thread 23" [_thread_blocked, id=7920, stack(0x00000021d8300000,0x00000021d8400000)]
  0x00000174ae2bc000 JavaThread "jar transforms Thread 22" [_thread_blocked, id=1836, stack(0x00000021d8200000,0x00000021d8300000)]
  0x00000174ae2b4800 JavaThread "Build operations Thread 16" [_thread_blocked, id=1764, stack(0x00000021d8100000,0x00000021d8200000)]
  0x00000174ae2ba800 JavaThread "Build operations Thread 15" [_thread_blocked, id=7948, stack(0x00000021d8000000,0x00000021d8100000)]
  0x00000174ae2bb800 JavaThread "Build operations Thread 14" [_thread_blocked, id=2604, stack(0x00000021d7f00000,0x00000021d8000000)]
  0x00000174ae2ba000 JavaThread "Build operations Thread 13" [_thread_blocked, id=17132, stack(0x00000021d7e00000,0x00000021d7f00000)]
  0x00000174ae2b9000 JavaThread "Build operations Thread 12" [_thread_blocked, id=17140, stack(0x00000021d7d00000,0x00000021d7e00000)]
  0x00000174ae2b8000 JavaThread "Build operations Thread 11" [_thread_blocked, id=572, stack(0x00000021d7c00000,0x00000021d7d00000)]
  0x00000174ae2b6800 JavaThread "Build operations Thread 10" [_thread_blocked, id=13384, stack(0x00000021d7b00000,0x00000021d7c00000)]
  0x00000174ae2b7800 JavaThread "Build operations Thread 9" [_thread_blocked, id=16440, stack(0x00000021d7a00000,0x00000021d7b00000)]
  0x00000174ab57e000 JavaThread "Build operations Thread 8" [_thread_blocked, id=14836, stack(0x00000021d7900000,0x00000021d7a00000)]
  0x00000174ab57d000 JavaThread "Build operations Thread 7" [_thread_blocked, id=15644, stack(0x00000021d7800000,0x00000021d7900000)]
  0x00000174ab57c000 JavaThread "Build operations Thread 6" [_thread_blocked, id=7856, stack(0x00000021d7700000,0x00000021d7800000)]
  0x00000174ab57b800 JavaThread "Build operations Thread 5" [_thread_blocked, id=9680, stack(0x00000021d7600000,0x00000021d7700000)]
  0x00000174ab57a800 JavaThread "Build operations Thread 4" [_thread_blocked, id=3320, stack(0x00000021d7500000,0x00000021d7600000)]
  0x00000174ab57a000 JavaThread "Build operations Thread 3" [_thread_blocked, id=10096, stack(0x00000021d7400000,0x00000021d7500000)]
  0x00000174ab579000 JavaThread "Build operations Thread 2" [_thread_blocked, id=14680, stack(0x00000021d7300000,0x00000021d7400000)]
  0x00000174ab57f800 JavaThread "Build operations" [_thread_blocked, id=7236, stack(0x00000021d7200000,0x00000021d7300000)]
  0x00000174ab57e800 JavaThread "Cache worker for Build Output Cleanup Cache (B:\programs\Java_dev\codes\Notatka\Notes-master\.gradle\buildOutputCleanup)" [_thread_blocked, id=15556, stack(0x00000021d7100000,0x00000021d7200000)]
  0x00000174ab577800 JavaThread "Cache worker for file content cache (C:\Users\Oleg\.gradle\caches\6.7.1\fileContent)" [_thread_blocked, id=15112, stack(0x00000021d7000000,0x00000021d7100000)]
  0x00000174ab570800 JavaThread "Cache worker for execution history cache (C:\Users\Oleg\.gradle\caches\6.7.1\executionHistory)" [_thread_blocked, id=15404, stack(0x00000021d6f00000,0x00000021d7000000)]
  0x00000174ab576000 JavaThread "Cache worker for cache directory md-rule (C:\Users\Oleg\.gradle\caches\6.7.1\md-rule)" [_thread_blocked, id=15672, stack(0x00000021d6e00000,0x00000021d6f00000)]
  0x00000174ab572000 JavaThread "Cache worker for cache directory md-supplier (C:\Users\Oleg\.gradle\caches\6.7.1\md-supplier)" [_thread_blocked, id=16128, stack(0x00000021d6d00000,0x00000021d6e00000)]
  0x00000174ab573000 JavaThread "Cache worker for checksums cache (B:\programs\Java_dev\codes\Notatka\Notes-master\.gradle\checksums)" [_thread_blocked, id=13260, stack(0x00000021d6c00000,0x00000021d6d00000)]
  0x00000174ab575000 JavaThread "jar transforms Thread 21" [_thread_blocked, id=14444, stack(0x00000021d6b00000,0x00000021d6c00000)]
  0x00000174a95ee800 JavaThread "jar transforms Thread 20" [_thread_blocked, id=3548, stack(0x00000021d6a00000,0x00000021d6b00000)]
  0x00000174a95ed800 JavaThread "jar transforms Thread 19" [_thread_blocked, id=12732, stack(0x00000021d6900000,0x00000021d6a00000)]
  0x00000174a95ed000 JavaThread "jar transforms Thread 18" [_thread_blocked, id=8028, stack(0x00000021d6800000,0x00000021d6900000)]
  0x00000174a95ec000 JavaThread "jar transforms Thread 17" [_thread_blocked, id=4740, stack(0x00000021d6700000,0x00000021d6800000)]
  0x00000174a95eb000 JavaThread "jar transforms Thread 16" [_thread_blocked, id=4592, stack(0x00000021d6600000,0x00000021d6700000)]
  0x00000174a95f0800 JavaThread "jar transforms Thread 15" [_thread_blocked, id=1924, stack(0x00000021d6500000,0x00000021d6600000)]
  0x00000174a95f0000 JavaThread "jar transforms Thread 14" [_thread_blocked, id=2456, stack(0x00000021d6400000,0x00000021d6500000)]
  0x00000174a95ef000 JavaThread "jar transforms Thread 13" [_thread_blocked, id=1628, stack(0x00000021d6300000,0x00000021d6400000)]
  0x00000174a95e3800 JavaThread "jar transforms Thread 12" [_thread_blocked, id=14980, stack(0x00000021d6200000,0x00000021d6300000)]
  0x00000174a95ea800 JavaThread "jar transforms Thread 11" [_thread_blocked, id=9308, stack(0x00000021d6100000,0x00000021d6200000)]
  0x00000174a95e9000 JavaThread "jar transforms Thread 10" [_thread_blocked, id=1884, stack(0x00000021d6000000,0x00000021d6100000)]
  0x00000174a95e5800 JavaThread "jar transforms Thread 9" [_thread_blocked, id=8080, stack(0x00000021d5f00000,0x00000021d6000000)]
  0x00000174a95e8000 JavaThread "jar transforms Thread 8" [_thread_blocked, id=592, stack(0x00000021d5e00000,0x00000021d5f00000)]
  0x00000174a95e7800 JavaThread "jar transforms Thread 7" [_thread_blocked, id=14196, stack(0x00000021d5d00000,0x00000021d5e00000)]
  0x00000174a95e2800 JavaThread "jar transforms Thread 6" [_thread_blocked, id=6992, stack(0x00000021d5c00000,0x00000021d5d00000)]
  0x00000174a95e5000 JavaThread "jar transforms Thread 5" [_thread_blocked, id=16124, stack(0x00000021d5b00000,0x00000021d5c00000)]
  0x00000174a95e9800 JavaThread "jar transforms Thread 4" [_thread_blocked, id=7704, stack(0x00000021d5a00000,0x00000021d5b00000)]
  0x00000174a95e6800 JavaThread "jar transforms Thread 3" [_thread_blocked, id=16408, stack(0x00000021d5900000,0x00000021d5a00000)]
  0x00000174a95e4000 JavaThread "jar transforms Thread 2" [_thread_blocked, id=14124, stack(0x00000021d5800000,0x00000021d5900000)]
  0x00000174a95e2000 JavaThread "jar transforms" [_thread_blocked, id=17008, stack(0x00000021d5700000,0x00000021d5800000)]
  0x00000174a7bde000 JavaThread "Cache worker for file hash cache (B:\programs\Java_dev\codes\Notatka\Notes-master\.gradle\6.7.1\fileHashes)" [_thread_blocked, id=17156, stack(0x00000021d5600000,0x00000021d5700000)]
  0x00000174a7bdd800 JavaThread "Cache worker for journal cache (C:\Users\Oleg\.gradle\caches\journal-1)" [_thread_blocked, id=13084, stack(0x00000021d5500000,0x00000021d5600000)]
  0x00000174a7bdc800 JavaThread "File lock request listener" [_thread_in_native, id=4980, stack(0x00000021d5400000,0x00000021d5500000)]
  0x00000174a7bdb800 JavaThread "Cache worker for file hash cache (C:\Users\Oleg\.gradle\caches\6.7.1\fileHashes)" [_thread_blocked, id=11724, stack(0x00000021d5300000,0x00000021d5400000)]
  0x00000174a98e0000 JavaThread "Thread-9" [_thread_blocked, id=4748, stack(0x00000021d5200000,0x00000021d5300000)]
  0x00000174a990e000 JavaThread "Stdin handler" [_thread_blocked, id=17112, stack(0x00000021d5100000,0x00000021d5200000)]
  0x00000174a98fe000 JavaThread "Asynchronous log dispatcher for DefaultDaemonConnection: socket connection from /127.0.0.1:64566 to /127.0.0.1:64567" [_thread_blocked, id=14544, stack(0x00000021d5000000,0x00000021d5100000)]
  0x00000174a9924000 JavaThread "Daemon worker" [_thread_in_vm, id=14624, stack(0x00000021d4f00000,0x00000021d5000000)]
  0x00000174a9910000 JavaThread "Cancel handler" [_thread_blocked, id=6028, stack(0x00000021d4e00000,0x00000021d4f00000)]
  0x00000174a956c800 JavaThread "Handler for socket connection from /127.0.0.1:64566 to /127.0.0.1:64567" [_thread_in_native, id=7624, stack(0x00000021d4d00000,0x00000021d4e00000)]
  0x00000174a9748800 JavaThread "Daemon" [_thread_blocked, id=6040, stack(0x00000021d4c00000,0x00000021d4d00000)]
  0x00000174a93c8000 JavaThread "Daemon periodic checks" [_thread_blocked, id=9916, stack(0x00000021d4b00000,0x00000021d4c00000)]
  0x00000174a9490800 JavaThread "Incoming local TCP Connector on port 64566" [_thread_in_native, id=1912, stack(0x00000021d4a00000,0x00000021d4b00000)]
  0x00000174a9a5e800 JavaThread "Daemon health stats" [_thread_blocked, id=9148, stack(0x00000021d4700000,0x00000021d4800000)]
  0x00000174a7c69800 JavaThread "Service Thread" daemon [_thread_blocked, id=2972, stack(0x00000021d4500000,0x00000021d4600000)]
  0x00000174a7be0800 JavaThread "C1 CompilerThread11" daemon [_thread_blocked, id=3648, stack(0x00000021d4400000,0x00000021d4500000)]
  0x00000174a7be2000 JavaThread "C1 CompilerThread10" daemon [_thread_blocked, id=12404, stack(0x00000021d4300000,0x00000021d4400000)]
  0x00000174a7bdf000 JavaThread "C1 CompilerThread9" daemon [_thread_blocked, id=14008, stack(0x00000021d4200000,0x00000021d4300000)]
  0x00000174a7be1000 JavaThread "C1 CompilerThread8" daemon [_thread_blocked, id=2064, stack(0x00000021d4100000,0x00000021d4200000)]
  0x00000174a7bdf800 JavaThread "C2 CompilerThread7" daemon [_thread_in_native, id=15652, stack(0x00000021d4000000,0x00000021d4100000)]
  0x00000174a7bb9800 JavaThread "C2 CompilerThread6" daemon [_thread_blocked, id=6960, stack(0x00000021d3f00000,0x00000021d4000000)]
  0x00000174a7ba0000 JavaThread "C2 CompilerThread5" daemon [_thread_in_native, id=8484, stack(0x00000021d3e00000,0x00000021d3f00000)]
  0x00000174a7b99000 JavaThread "C2 CompilerThread4" daemon [_thread_in_native, id=7508, stack(0x00000021d3d00000,0x00000021d3e00000)]
  0x00000174a7b93800 JavaThread "C2 CompilerThread3" daemon [_thread_in_native, id=10616, stack(0x00000021d3c00000,0x00000021d3d00000)]
  0x00000174a7b91800 JavaThread "C2 CompilerThread2" daemon [_thread_blocked, id=13068, stack(0x00000021d3b00000,0x00000021d3c00000)]
  0x00000174a7b90000 JavaThread "C2 CompilerThread1" daemon [_thread_blocked, id=13852, stack(0x00000021d3a00000,0x00000021d3b00000)]
=>0x00000174a7b96000 JavaThread "C2 CompilerThread0" daemon [_thread_in_native, id=4788, stack(0x00000021d3900000,0x00000021d3a00000)]
  0x00000174a7b88000 JavaThread "Attach Listener" daemon [_thread_blocked, id=13104, stack(0x00000021d3800000,0x00000021d3900000)]
  0x00000174a4e8e000 JavaThread "Signal Dispatcher" daemon [_thread_blocked, id=14884, stack(0x00000021d3700000,0x00000021d3800000)]
  0x00000174a4e7a000 JavaThread "Finalizer" daemon [_thread_blocked, id=13768, stack(0x00000021d3600000,0x00000021d3700000)]
  0x00000174a7b70800 JavaThread "Reference Handler" daemon [_thread_blocked, id=1028, stack(0x00000021d3500000,0x00000021d3600000)]
  0x000001748e9b2000 JavaThread "main" [_thread_blocked, id=8780, stack(0x00000021d2600000,0x00000021d2700000)]

Other Threads:
  0x00000174a4e62000 VMThread [stack: 0x00000021d3400000,0x00000021d3500000] [id=15860]
  0x00000174a7c6e800 WatcherThread [stack: 0x00000021d4600000,0x00000021d4700000] [id=10608]

VM state:not at safepoint (normal execution)

VM Mutex/Monitor currently owned by a thread: None

heap address: 0x0000000080000000, size: 2048 MB, Compressed Oops mode: 32-bit
Narrow klass base: 0x0000000000000000, Narrow klass shift: 3
Compressed class space size: 1073741824 Address: 0x0000000100000000

Heap:
 PSYoungGen      total 349184K, used 39054K [0x00000000d5580000, 0x00000000ec980000, 0x0000000100000000)
  eden space 323584K, 5% used [0x00000000d5580000,0x00000000d659e0f0,0x00000000e9180000)
  from space 25600K, 88% used [0x00000000eb080000,0x00000000ec6857b8,0x00000000ec980000)
  to   space 28672K, 0% used [0x00000000e9180000,0x00000000e9180000,0x00000000ead80000)
 ParOldGen       total 121856K, used 52777K [0x0000000080000000, 0x0000000087700000, 0x00000000d5580000)
  object space 121856K, 43% used [0x0000000080000000,0x000000008338a490,0x0000000087700000)
 Metaspace       used 90972K, capacity 96090K, committed 96384K, reserved 1132544K
  class space    used 12412K, capacity 13385K, committed 13440K, reserved 1048576K

Card table byte_map: [0x000001749f8d0000,0x000001749fce0000] byte_map_base: 0x000001749f4d0000

Marking Bits: (ParMarkBitMap*) 0x000000005b2f1820
 Begin Bits: [0x000001749ff90000, 0x00000174a1f90000)
 End Bits:   [0x00000174a1f90000, 0x00000174a3f90000)

Polling page: 0x000001748ec30000

CodeCache: size=245760Kb used=34623Kb max_used=34635Kb free=211136Kb
 bounds [0x0000017490510000, 0x0000017492710000, 0x000001749f510000]
 total_blobs=10936 nmethods=10041 adapters=804
 compilation: enabled

Compilation events (10 events):
Event: 20.554 Thread 0x00000174a7be1000 11544       1       com.android.build.gradle.internal.ide.AndroidLibraryImpl::getLibraryDependencies (5 bytes)
Event: 20.554 Thread 0x00000174a7bdf000 11545       1       com.android.build.gradle.internal.ide.AndroidLibraryImpl::getJavaDependencies (5 bytes)
Event: 20.554 Thread 0x00000174a7be1000 nmethod 11544 0x00000174926f2150 code [0x00000174926f22a0, 0x00000174926f23b8]
Event: 20.554 Thread 0x00000174a7bdf000 nmethod 11545 0x00000174926f1e90 code [0x00000174926f1fe0, 0x00000174926f20f8]
Event: 20.555 Thread 0x00000174a7be0800 nmethod 11543 0x00000174926f5850 code [0x00000174926f59e0, 0x00000174926f5d60]
Event: 20.557 Thread 0x00000174a7b90000 11546       4       org.gradle.tooling.internal.adapter.MethodInvocation::<init> (50 bytes)
Event: 20.557 Thread 0x00000174a7b99000 11547       4       org.gradle.tooling.internal.adapter.ProtocolToModelAdapter$SafeMethodInvoker::invoke (118 bytes)
Event: 20.558 Thread 0x00000174a7b90000 nmethod 11546 0x0000017491a51f10 code [0x0000017491a52040, 0x0000017491a520f8]
Event: 20.579 Thread 0x00000174a7bb9800 11548       4       sun.net.www.protocol.file.Handler::hostsEqual (69 bytes)
Event: 20.583 Thread 0x00000174a7bb9800 nmethod 11548 0x0000017492704dd0 code [0x0000017492704f60, 0x0000017492705548]

GC Heap History (10 events):
Event: 10.210 GC heap before
{Heap before GC invocations=11 (full 2):
 PSYoungGen      total 216064K, used 201728K [0x00000000d5580000, 0x00000000e3880000, 0x0000000100000000)
  eden space 201728K, 100% used [0x00000000d5580000,0x00000000e1a80000,0x00000000e1a80000)
  from space 14336K, 0% used [0x00000000e2800000,0x00000000e2800000,0x00000000e3600000)
  to   space 13824K, 0% used [0x00000000e1a80000,0x00000000e1a80000,0x00000000e2800000)
 ParOldGen       total 79360K, used 15139K [0x0000000080000000, 0x0000000084d80000, 0x00000000d5580000)
  object space 79360K, 19% used [0x0000000080000000,0x0000000080ec8d50,0x0000000084d80000)
 Metaspace       used 43440K, capacity 45608K, committed 45824K, reserved 1089536K
  class space    used 5930K, capacity 6365K, committed 6400K, reserved 1048576K
Event: 10.225 GC heap after
Heap after GC invocations=11 (full 2):
 PSYoungGen      total 215552K, used 13795K [0x00000000d5580000, 0x00000000e7600000, 0x0000000100000000)
  eden space 201728K, 0% used [0x00000000d5580000,0x00000000d5580000,0x00000000e1a80000)
  from space 13824K, 99% used [0x00000000e1a80000,0x00000000e27f8e88,0x00000000e2800000)
  to   space 16384K, 0% used [0x00000000e6600000,0x00000000e6600000,0x00000000e7600000)
 ParOldGen       total 79360K, used 17291K [0x0000000080000000, 0x0000000084d80000, 0x00000000d5580000)
  object space 79360K, 21% used [0x0000000080000000,0x00000000810e2d20,0x0000000084d80000)
 Metaspace       used 43440K, capacity 45608K, committed 45824K, reserved 1089536K
  class space    used 5930K, capacity 6365K, committed 6400K, reserved 1048576K
}
Event: 11.896 GC heap before
{Heap before GC invocations=12 (full 2):
 PSYoungGen      total 215552K, used 153679K [0x00000000d5580000, 0x00000000e7600000, 0x0000000100000000)
  eden space 201728K, 69% used [0x00000000d5580000,0x00000000dde1b008,0x00000000e1a80000)
  from space 13824K, 99% used [0x00000000e1a80000,0x00000000e27f8e88,0x00000000e2800000)
  to   space 16384K, 0% used [0x00000000e6600000,0x00000000e6600000,0x00000000e7600000)
 ParOldGen       total 79360K, used 17291K [0x0000000080000000, 0x0000000084d80000, 0x00000000d5580000)
  object space 79360K, 21% used [0x0000000080000000,0x00000000810e2d20,0x0000000084d80000)
 Metaspace       used 56345K, capacity 58950K, committed 59008K, reserved 1099776K
  class space    used 7573K, capacity 8035K, committed 8064K, reserved 1048576K
Event: 11.933 GC heap after
Heap after GC invocations=12 (full 2):
 PSYoungGen      total 273920K, used 16356K [0x00000000d5580000, 0x00000000e8280000, 0x0000000100000000)
  eden space 257536K, 0% used [0x00000000d5580000,0x00000000d5580000,0x00000000e5100000)
  from space 16384K, 99% used [0x00000000e6600000,0x00000000e75f93c0,0x00000000e7600000)
  to   space 21504K, 0% used [0x00000000e5100000,0x00000000e5100000,0x00000000e6600000)
 ParOldGen       total 79360K, used 25380K [0x0000000080000000, 0x0000000084d80000, 0x00000000d5580000)
  object space 79360K, 31% used [0x0000000080000000,0x00000000818c9098,0x0000000084d80000)
 Metaspace       used 56345K, capacity 58950K, committed 59008K, reserved 1099776K
  class space    used 7573K, capacity 8035K, committed 8064K, reserved 1048576K
}
Event: 11.934 GC heap before
{Heap before GC invocations=13 (full 3):
 PSYoungGen      total 273920K, used 16356K [0x00000000d5580000, 0x00000000e8280000, 0x0000000100000000)
  eden space 257536K, 0% used [0x00000000d5580000,0x00000000d5580000,0x00000000e5100000)
  from space 16384K, 99% used [0x00000000e6600000,0x00000000e75f93c0,0x00000000e7600000)
  to   space 21504K, 0% used [0x00000000e5100000,0x00000000e5100000,0x00000000e6600000)
 ParOldGen       total 79360K, used 25380K [0x0000000080000000, 0x0000000084d80000, 0x00000000d5580000)
  object space 79360K, 31% used [0x0000000080000000,0x00000000818c9098,0x0000000084d80000)
 Metaspace       used 56345K, capacity 58950K, committed 59008K, reserved 1099776K
  class space    used 7573K, capacity 8035K, committed 8064K, reserved 1048576K
Event: 12.123 GC heap after
Heap after GC invocations=13 (full 3):
 PSYoungGen      total 273920K, used 0K [0x00000000d5580000, 0x00000000e8280000, 0x0000000100000000)
  eden space 257536K, 0% used [0x00000000d5580000,0x00000000d5580000,0x00000000e5100000)
  from space 16384K, 0% used [0x00000000e6600000,0x00000000e6600000,0x00000000e7600000)
  to   space 21504K, 0% used [0x00000000e5100000,0x00000000e5100000,0x00000000e6600000)
 ParOldGen       total 121856K, used 36553K [0x0000000080000000, 0x0000000087700000, 0x00000000d5580000)
  object space 121856K, 29% used [0x0000000080000000,0x00000000823b2518,0x0000000087700000)
 Metaspace       used 56171K, capacity 58432K, committed 59008K, reserved 1099776K
  class space    used 7522K, capacity 7960K, committed 8064K, reserved 1048576K
}
Event: 15.409 GC heap before
{Heap before GC invocations=14 (full 3):
 PSYoungGen      total 273920K, used 257536K [0x00000000d5580000, 0x00000000e8280000, 0x0000000100000000)
  eden space 257536K, 100% used [0x00000000d5580000,0x00000000e5100000,0x00000000e5100000)
  from space 16384K, 0% used [0x00000000e6600000,0x00000000e6600000,0x00000000e7600000)
  to   space 21504K, 0% used [0x00000000e5100000,0x00000000e5100000,0x00000000e6600000)
 ParOldGen       total 121856K, used 36553K [0x0000000080000000, 0x0000000087700000, 0x00000000d5580000)
  object space 121856K, 29% used [0x0000000080000000,0x00000000823b2518,0x0000000087700000)
 Metaspace       used 71048K, capacity 73968K, committed 74112K, reserved 1114112K
  class space    used 9772K, capacity 10333K, committed 10368K, reserved 1048576K
Event: 15.451 GC heap after
Heap after GC invocations=14 (full 3):
 PSYoungGen      total 279040K, used 21490K [0x00000000d5580000, 0x00000000eca00000, 0x0000000100000000)
  eden space 257536K, 0% used [0x00000000d5580000,0x00000000d5580000,0x00000000e5100000)
  from space 21504K, 99% used [0x00000000e5100000,0x00000000e65fca80,0x00000000e6600000)
  to   space 26112K, 0% used [0x00000000eb080000,0x00000000eb080000,0x00000000eca00000)
 ParOldGen       total 121856K, used 39409K [0x0000000080000000, 0x0000000087700000, 0x00000000d5580000)
  object space 121856K, 32% used [0x0000000080000000,0x000000008267c668,0x0000000087700000)
 Metaspace       used 71048K, capacity 73968K, committed 74112K, reserved 1114112K
  class space    used 9772K, capacity 10333K, committed 10368K, reserved 1048576K
}
Event: 20.386 GC heap before
{Heap before GC invocations=15 (full 3):
 PSYoungGen      total 279040K, used 279026K [0x00000000d5580000, 0x00000000eca00000, 0x0000000100000000)
  eden space 257536K, 100% used [0x00000000d5580000,0x00000000e5100000,0x00000000e5100000)
  from space 21504K, 99% used [0x00000000e5100000,0x00000000e65fca80,0x00000000e6600000)
  to   space 26112K, 0% used [0x00000000eb080000,0x00000000eb080000,0x00000000eca00000)
 ParOldGen       total 121856K, used 39409K [0x0000000080000000, 0x0000000087700000, 0x00000000d5580000)
  object space 121856K, 32% used [0x0000000080000000,0x000000008267c668,0x0000000087700000)
 Metaspace       used 89879K, capacity 94880K, committed 94976K, reserved 1130496K
  class space    used 12353K, capacity 13290K, committed 13312K, reserved 1048576K
Event: 20.422 GC heap after
Heap after GC invocations=15 (full 3):
 PSYoungGen      total 349184K, used 22549K [0x00000000d5580000, 0x00000000ec980000, 0x0000000100000000)
  eden space 323584K, 0% used [0x00000000d5580000,0x00000000d5580000,0x00000000e9180000)
  from space 25600K, 88% used [0x00000000eb080000,0x00000000ec6857b8,0x00000000ec980000)
  to   space 28672K, 0% used [0x00000000e9180000,0x00000000e9180000,0x00000000ead80000)
 ParOldGen       total 121856K, used 52777K [0x0000000080000000, 0x0000000087700000, 0x00000000d5580000)
  object space 121856K, 43% used [0x0000000080000000,0x000000008338a490,0x0000000087700000)
 Metaspace       used 89879K, capacity 94880K, committed 94976K, reserved 1130496K
  class space    used 12353K, capacity 13290K, committed 13312K, reserved 1048576K
}

Deoptimization events (10 events):
Event: 19.781 Thread 0x00000174a9924000 Uncommon trap: reason=bimorphic action=maybe_recompile pc=0x0000017490e4d768 method=com.google.common.collect.ImmutableList.copyOf(Ljava/util/Collection;)Lcom/google/common/collect/ImmutableList; @ 11
Event: 19.816 Thread 0x00000174a9924000 Uncommon trap: reason=bimorphic action=maybe_recompile pc=0x0000017490e4d768 method=com.google.common.collect.ImmutableList.copyOf(Ljava/util/Collection;)Lcom/google/common/collect/ImmutableList; @ 11
Event: 19.818 Thread 0x00000174a9924000 Uncommon trap: reason=bimorphic action=maybe_recompile pc=0x0000017490e4d768 method=com.google.common.collect.ImmutableList.copyOf(Ljava/util/Collection;)Lcom/google/common/collect/ImmutableList; @ 11
Event: 19.819 Thread 0x00000174a9924000 Uncommon trap: reason=bimorphic action=maybe_recompile pc=0x0000017490e4d768 method=com.google.common.collect.ImmutableList.copyOf(Ljava/util/Collection;)Lcom/google/common/collect/ImmutableList; @ 11
Event: 19.820 Thread 0x00000174ae2bb800 Uncommon trap: reason=unstable_if action=reinterpret pc=0x00000174918beb4c method=java.util.concurrent.locks.AbstractQueuedSynchronizer.unparkSuccessor(Ljava/util/concurrent/locks/AbstractQueuedSynchronizer$Node;)V @ 22
Event: 20.093 Thread 0x00000174a9924000 Uncommon trap: reason=unstable_if action=reinterpret pc=0x0000017492354a00 method=org.gradle.internal.snapshot.PathUtil.equalChars(CCLorg/gradle/internal/snapshot/CaseSensitivity;)Z @ 40
Event: 20.093 Thread 0x00000174a9924000 Uncommon trap: reason=unstable_if action=reinterpret pc=0x0000017491de5698 method=org.gradle.internal.snapshot.PathUtil.equalChars(CCLorg/gradle/internal/snapshot/CaseSensitivity;)Z @ 40
Event: 20.093 Thread 0x00000174a9924000 Uncommon trap: reason=unstable_if action=reinterpret pc=0x00000174910f15b0 method=org.gradle.internal.file.DefaultFileHierarchySet$Node.isChildOfOrThis(Ljava/lang/String;I)Z @ 72
Event: 20.281 Thread 0x00000174a9924000 Uncommon trap: reason=unstable_if action=reinterpret pc=0x00000174923c38a0 method=java.nio.Bits.putInt(Ljava/nio/ByteBuffer;IIZ)V @ 1
Event: 20.367 Thread 0x00000174a9924000 Uncommon trap: reason=unstable_if action=reinterpret pc=0x0000017491eb231c method=java.util.stream.AbstractPipeline.<init>(Ljava/util/stream/AbstractPipeline;I)V @ 69

Classes redefined (0 events):
No events

Internal exceptions (10 events):
Event: 18.499 Thread 0x00000174ae2b4800 Exception <a 'java/lang/NoSuchMethodError': java.lang.Object.lambda$flatMap$2(Ljava/util/function/Function;Ljava/lang/Object;)Lorg/gradle/internal/Try;> (0x00000000ddb77690) thrown at [C:\wsjdk\Corretto8Src\installers\windows\zip\corretto-build\buildRoot\
Event: 18.499 Thread 0x00000174ae2b7800 Exception <a 'java/lang/NoSuchMethodError': java.lang.Object.lambda$flatMap$2(Ljava/util/function/Function;Ljava/lang/Object;)Lorg/gradle/internal/Try;> (0x00000000de7dce60) thrown at [C:\wsjdk\Corretto8Src\installers\windows\zip\corretto-build\buildRoot\
Event: 18.499 Thread 0x00000174ab57e000 Exception <a 'java/lang/NoSuchMethodError': java.lang.Object.lambda$flatMap$2(Ljava/util/function/Function;Ljava/lang/Object;)Lorg/gradle/internal/Try;> (0x00000000de8e71c0) thrown at [C:\wsjdk\Corretto8Src\installers\windows\zip\corretto-build\buildRoot\
Event: 18.499 Thread 0x00000174ab57c000 Exception <a 'java/lang/NoSuchMethodError': java.lang.Object.lambda$flatMap$2(Ljava/util/function/Function;Ljava/lang/Object;)Lorg/gradle/internal/Try;> (0x00000000de6c2ff0) thrown at [C:\wsjdk\Corretto8Src\installers\windows\zip\corretto-build\buildRoot\
Event: 18.499 Thread 0x00000174ae2b9000 Exception <a 'java/lang/NoSuchMethodError': java.lang.Object.lambda$flatMap$2(Ljava/util/function/Function;Ljava/lang/Object;)Lorg/gradle/internal/Try;> (0x00000000de89d940) thrown at [C:\wsjdk\Corretto8Src\installers\windows\zip\corretto-build\buildRoot\
Event: 18.499 Thread 0x00000174a9924000 Exception <a 'java/lang/NoSuchMethodError': java.lang.Object.lambda$flatMap$2(Ljava/util/function/Function;Ljava/lang/Object;)Lorg/gradle/internal/Try;> (0x00000000dd614928) thrown at [C:\wsjdk\Corretto8Src\installers\windows\zip\corretto-build\buildRoot\
Event: 18.909 Thread 0x00000174ab57a000 Exception <a 'java/lang/NoSuchMethodError': java.lang.Object.lambda$flatMap$0(Ljava/lang/Throwable;)Lorg/gradle/api/internal/artifacts/transform/CacheableInvocation;> (0x00000000dd9ef140) thrown at [C:\wsjdk\Corretto8Src\installers\windows\zip\corretto-bu
Event: 19.059 Thread 0x00000174ab57f800 Exception <a 'sun/nio/fs/WindowsException'> (0x00000000e1b16b38) thrown at [C:\wsjdk\Corretto8Src\installers\windows\zip\corretto-build\buildRoot\src\hotspot\src\share\vm\prims\jni.cpp, line 711]
Event: 19.820 Thread 0x00000174ae2bb800 Implicit null exception at 0x00000174918bead4 to 0x00000174918beb37
Event: 20.014 Thread 0x00000174a9924000 Exception <a 'java/lang/NoSuchMethodError': java.lang.Object.lambda$negate$1(Ljava/lang/Object;)Z> (0x00000000e35416e0) thrown at [C:\wsjdk\Corretto8Src\installers\windows\zip\corretto-build\buildRoot\src\hotspot\src\share\vm\interpreter\linkResolver.cpp,

Events (10 events):
Event: 20.594 loading class kotlin/collections/ArraysKt
Event: 20.594 loading class kotlin/collections/ArraysKt done
Event: 20.595 loading class kotlin/collections/ArraysKt___ArraysKt
Event: 20.595 loading class kotlin/collections/ArraysKt___ArraysKt done
Event: 20.607 loading class kotlin/collections/ArraysKt___ArraysJvmKt
Event: 20.607 loading class kotlin/collections/ArraysKt___ArraysJvmKt done
Event: 20.610 loading class kotlin/collections/ArraysKt__ArraysKt
Event: 20.610 loading class kotlin/collections/ArraysKt__ArraysKt done
Event: 20.611 loading class kotlin/collections/ArraysKt__ArraysJVMKt
Event: 20.611 loading class kotlin/collections/ArraysKt__ArraysJVMKt done


Dynamic libraries:
0x00007ff741d80000 - 0x00007ff741dba000 	C:\Users\Oleg\.jdks\corretto-1.8.0_302\bin\java.exe
0x00007ffef43d0000 - 0x00007ffef45c5000 	C:\Windows\SYSTEM32\ntdll.dll
0x00007ffef3ff0000 - 0x00007ffef40ad000 	C:\Windows\System32\KERNEL32.DLL
0x00007ffef1d30000 - 0x00007ffef1ff9000 	C:\Windows\System32\KERNELBASE.dll
0x00007ffef2d80000 - 0x00007ffef2e2c000 	C:\Windows\System32\ADVAPI32.dll
0x00007ffef36d0000 - 0x00007ffef376e000 	C:\Windows\System32\msvcrt.dll
0x00007ffef42c0000 - 0x00007ffef435b000 	C:\Windows\System32\sechost.dll
0x00007ffef4190000 - 0x00007ffef42ba000 	C:\Windows\System32\RPCRT4.dll
0x00007ffef2f60000 - 0x00007ffef3100000 	C:\Windows\System32\USER32.dll
0x00007ffef2320000 - 0x00007ffef2342000 	C:\Windows\System32\win32u.dll
0x00007ffef4160000 - 0x00007ffef418a000 	C:\Windows\System32\GDI32.dll
0x00007ffef2180000 - 0x00007ffef228b000 	C:\Windows\System32\gdi32full.dll
0x00007ffef1b30000 - 0x00007ffef1bcd000 	C:\Windows\System32\msvcp_win.dll
0x00007ffef2050000 - 0x00007ffef2150000 	C:\Windows\System32\ucrtbase.dll
0x00007ffee3080000 - 0x00007ffee331a000 	C:\Windows\WinSxS\amd64_microsoft.windows.common-controls_6595b64144ccf1df_6.0.19041.1110_none_60b5254171f9507e\COMCTL32.dll
0x00007ffef3440000 - 0x00007ffef3470000 	C:\Windows\System32\IMM32.DLL
0x00007ffeba120000 - 0x00007ffeba20f000 	C:\Users\Oleg\.jdks\corretto-1.8.0_302\jre\bin\msvcr120.dll
0x00007ffeb9d60000 - 0x00007ffeb9e06000 	C:\Users\Oleg\.jdks\corretto-1.8.0_302\jre\bin\msvcp120.dll
0x000000005ab00000 - 0x000000005b370000 	C:\Users\Oleg\.jdks\corretto-1.8.0_302\jre\bin\server\jvm.dll
0x00007ffef2e30000 - 0x00007ffef2e38000 	C:\Windows\System32\PSAPI.DLL
0x00007ffedf3e0000 - 0x00007ffedf3e9000 	C:\Windows\SYSTEM32\WSOCK32.dll
0x00007ffeea110000 - 0x00007ffeea137000 	C:\Windows\SYSTEM32\WINMM.dll
0x00007ffef33d0000 - 0x00007ffef343b000 	C:\Windows\System32\WS2_32.dll
0x00007ffeebcf0000 - 0x00007ffeebcfa000 	C:\Windows\SYSTEM32\VERSION.dll
0x00007ffeecb60000 - 0x00007ffeecb6f000 	C:\Users\Oleg\.jdks\corretto-1.8.0_302\jre\bin\verify.dll
0x00007ffed5c90000 - 0x00007ffed5cb9000 	C:\Users\Oleg\.jdks\corretto-1.8.0_302\jre\bin\java.dll
0x00007ffeda8e0000 - 0x00007ffeda8f6000 	C:\Users\Oleg\.jdks\corretto-1.8.0_302\jre\bin\zip.dll
0x00007ffef38a0000 - 0x00007ffef3fdf000 	C:\Windows\System32\SHELL32.dll
0x00007ffeefbc0000 - 0x00007ffef0350000 	C:\Windows\SYSTEM32\windows.storage.dll
0x00007ffef2a20000 - 0x00007ffef2d75000 	C:\Windows\System32\combase.dll
0x00007ffef1530000 - 0x00007ffef155c000 	C:\Windows\SYSTEM32\Wldp.dll
0x00007ffef40b0000 - 0x00007ffef415e000 	C:\Windows\System32\SHCORE.dll
0x00007ffef3180000 - 0x00007ffef31d5000 	C:\Windows\System32\shlwapi.dll
0x00007ffef1a10000 - 0x00007ffef1a2f000 	C:\Windows\SYSTEM32\profapi.dll
0x00007ffed9420000 - 0x00007ffed943a000 	C:\Users\Oleg\.jdks\corretto-1.8.0_302\jre\bin\net.dll
0x00007ffef1290000 - 0x00007ffef12fa000 	C:\Windows\system32\mswsock.dll
0x00007ffed5c70000 - 0x00007ffed5c82000 	C:\Users\Oleg\.jdks\corretto-1.8.0_302\jre\bin\nio.dll
0x00007ffedf200000 - 0x00007ffedf227000 	C:\Users\Oleg\.gradle\native\fdc75f09e3144964f2cf3f50f0aa648679c211496f362492102eb8c894070792\windows-amd64\native-platform.dll
0x00007ffeb22f0000 - 0x00007ffeb2486000 	C:\Users\Oleg\.gradle\native\12488b8bf47d2d4c9fbf2f6322a914ad602e24e48041cd04a747c6da556b65c4\windows-amd64\native-platform-file-events.dll
0x00007ffedef70000 - 0x00007ffedef7d000 	C:\Users\Oleg\.jdks\corretto-1.8.0_302\jre\bin\management.dll
0x00007ffef1480000 - 0x00007ffef1498000 	C:\Windows\SYSTEM32\CRYPTSP.dll
0x00007ffef0ba0000 - 0x00007ffef0bd4000 	C:\Windows\system32\rsaenh.dll
0x00007ffef2150000 - 0x00007ffef2177000 	C:\Windows\System32\bcrypt.dll
0x00007ffef1990000 - 0x00007ffef19be000 	C:\Windows\SYSTEM32\USERENV.dll
0x00007ffef2290000 - 0x00007ffef2313000 	C:\Windows\System32\bcryptprimitives.dll
0x00007ffef14a0000 - 0x00007ffef14ac000 	C:\Windows\SYSTEM32\CRYPTBASE.dll
0x00007ffef0f30000 - 0x00007ffef0f6b000 	C:\Windows\SYSTEM32\IPHLPAPI.DLL
0x00007ffef3fe0000 - 0x00007ffef3fe8000 	C:\Windows\System32\NSI.dll
0x00007ffeeba80000 - 0x00007ffeeba97000 	C:\Windows\SYSTEM32\dhcpcsvc6.DLL
0x00007ffeebb50000 - 0x00007ffeebb6d000 	C:\Windows\SYSTEM32\dhcpcsvc.DLL
0x00007ffef0f80000 - 0x00007ffef104c000 	C:\Windows\SYSTEM32\DNSAPI.dll
0x00007ffeebd50000 - 0x00007ffeebd5b000 	C:\Windows\SYSTEM32\WINNSI.DLL
0x00007ffedefe0000 - 0x00007ffedf003000 	C:\Users\Oleg\.jdks\corretto-1.8.0_302\jre\bin\sunec.dll
0x00007ffee3ea0000 - 0x00007ffee3eaa000 	C:\Windows\System32\rasadhlp.dll
0x00007ffee3ee0000 - 0x00007ffee3f5f000 	C:\Windows\System32\fwpuclnt.dll
0x00007ffeed540000 - 0x00007ffeed54c000 	C:\Users\Oleg\.jdks\corretto-1.8.0_302\jre\bin\sunmscapi.dll
0x00007ffef1bd0000 - 0x00007ffef1d2f000 	C:\Windows\System32\CRYPT32.dll
0x00007ffef15a0000 - 0x00007ffef15c7000 	C:\Windows\SYSTEM32\ncrypt.dll
0x00007ffef1560000 - 0x00007ffef159b000 	C:\Windows\SYSTEM32\NTASN1.dll
0x00007ffef07d0000 - 0x00007ffef0803000 	C:\Windows\SYSTEM32\ntmarta.dll

VM Arguments:
jvm_args: -Xmx2048m -Dfile.encoding=UTF-8 -Duser.country=RU -Duser.language=ru -Duser.variant 
java_command: org.gradle.launcher.daemon.bootstrap.GradleDaemon 6.7.1
java_class_path (initial): C:\Users\Oleg\.gradle\wrapper\dists\gradle-6.7.1-all\2moa8rlfac5eqlcfgk98k0deb\gradle-6.7.1\lib\gradle-launcher-6.7.1.jar
Launcher Type: SUN_STANDARD

Environment Variables:
PATH=C:\ProgramData\Oracle\Java\javapath;C:\Program Files (x86)\Common Files\Intel\Shared Libraries\redist\intel64\compiler;C:\Windows\system32;C:\Windows;C:\Windows\System32\Wbem;C:\Windows\System32\WindowsPowerShell\v1.0\;C:\Program Files (x86)\NVIDIA Corporation\PhysX\Common;C:\Program Files\NVIDIA Corporation\NVIDIA NvDLISR;C:\Program Files\Git\cmd;C:\Users\Oleg\AppData\Local\Microsoft\WindowsApps;
USERNAME=Oleg
OS=Windows_NT
PROCESSOR_IDENTIFIER=AMD64 Family 23 Model 96 Stepping 1, AuthenticAMD



---------------  S Y S T E M  ---------------

OS: Windows 10.0 , 64 bit Build 19041 (10.0.19041.1151)

CPU:total 16 (initial active 16) (16 cores per cpu, 1 threads per core) family 23 model 96 stepping 1, cmov, cx8, fxsr, mmx, sse, sse2, sse3, ssse3, sse4.1, sse4.2, popcnt, avx, avx2, aes, clmul, mmxext, 3dnowpref, lzcnt, sse4a, tsc, tscinvbit, tscinv, bmi1

Memory: 4k page, physical 7782856k(25632k free), swap 12810884k(5452k free)

vm_info: OpenJDK 64-Bit Server VM (25.302-b08) for windows-amd64 JRE (1.8.0_302-b08), built on Jul 15 2021 19:37:21 by "Administrator" with MS VC++ 12.0 (VS2013)

time: Thu Oct 14 20:13:36 2021
timezone: RTZ 2 (ceia)
elapsed time: 20.625920 seconds (0d 0h 0m 20s)

