#
# There is insufficient memory for the Java Runtime Environment to continue.
# Native memory allocation (malloc) failed to allocate 131088 bytes for Chunk::new
# Possible reasons:
#   The system is out of physical RAM or swap space
#   The process is running with CompressedOops enabled, and the Java Heap may be blocking the growth of the native heap
# Possible solutions:
#   Reduce memory load on the system
#   Increase physical memory or swap space
#   Check if swap backing store is full
#   Decrease Java heap size (-Xmx/-Xms)
#   Decrease number of Java threads
#   Decrease Java thread stack sizes (-Xss)
#   Set larger code cache with -XX:ReservedCodeCacheSize=
#   JVM is running with Unscaled Compressed Oops mode in which the Java heap is
#     placed in the first 4GB address space. The Java Heap base address is the
#     maximum limit for the native heap growth. Please use -XX:HeapBaseMinAddress
#     to set the Java Heap base and to place the Java Heap above 4GB virtual address.
# This output file may be truncated or incomplete.
#
#  Out of Memory Error (allocation.cpp:389), pid=8020, tid=0x0000000000003604
#
# JRE version: OpenJDK Runtime Environment (8.0_302-b08) (build 1.8.0_302-b08)
# Java VM: OpenJDK 64-Bit Server VM (25.302-b08 mixed mode windows-amd64 compressed oops)
# Failed to write core dump. Minidumps are not enabled by default on client versions of Windows
#

---------------  T H R E A D  ---------------

Current thread (0x000002767edfa800):  JavaThread "C2 CompilerThread7" daemon [_thread_in_native, id=13828, stack(0x0000007c45300000,0x0000007c45400000)]

Stack: [0x0000007c45300000,0x0000007c45400000]
[error occurred during error reporting (printing stack bounds), id 0xc0000005]

Native frames: (J=compiled Java code, j=interpreted, Vv=VM code, C=native code)


Current CompileTask:
C2:   2784 2836       4       org.objectweb.asm.Frame::execute (2318 bytes)


---------------  P R O C E S S  ---------------

Java Threads: ( => current thread )
  0x0000027611963800 JavaThread "Cache worker for file content cache (C:\Users\Oleg\.gradle\caches\6.7.1\fileContent)" [_thread_blocked, id=4984, stack(0x0000007c46f00000,0x0000007c47000000)]
  0x0000027611961000 JavaThread "jar transforms" [_thread_blocked, id=3256, stack(0x0000007c46e00000,0x0000007c46f00000)]
  0x000002761195c800 JavaThread "Cache worker for execution history cache (C:\Users\Oleg\.gradle\caches\6.7.1\executionHistory)" [_thread_blocked, id=14808, stack(0x0000007c46d00000,0x0000007c46e00000)]
  0x000002761195b800 JavaThread "Cache worker for cache directory md-rule (C:\Users\Oleg\.gradle\caches\6.7.1\md-rule)" [_thread_blocked, id=564, stack(0x0000007c46c00000,0x0000007c46d00000)]
  0x0000027611960800 JavaThread "Cache worker for cache directory md-supplier (C:\Users\Oleg\.gradle\caches\6.7.1\md-supplier)" [_thread_blocked, id=14916, stack(0x0000007c46b00000,0x0000007c46c00000)]
  0x000002767ee09000 JavaThread "Cache worker for checksums cache (B:\programs\Java_dev\codes\Notatka\Notes-master\.gradle\checksums)" [_thread_blocked, id=2488, stack(0x0000007c46a00000,0x0000007c46b00000)]
  0x000002767ee08000 JavaThread "Cache worker for file hash cache (B:\programs\Java_dev\codes\Notatka\Notes-master\.gradle\6.7.1\fileHashes)" [_thread_blocked, id=8152, stack(0x0000007c46900000,0x0000007c46a00000)]
  0x000002767ee07800 JavaThread "Cache worker for journal cache (C:\Users\Oleg\.gradle\caches\journal-1)" [_thread_blocked, id=10044, stack(0x0000007c46800000,0x0000007c46900000)]
  0x000002767ee05000 JavaThread "File lock request listener" [_thread_in_native, id=9892, stack(0x0000007c46700000,0x0000007c46800000)]
  0x000002767ee06800 JavaThread "Cache worker for file hash cache (C:\Users\Oleg\.gradle\caches\6.7.1\fileHashes)" [_thread_blocked, id=13744, stack(0x0000007c46600000,0x0000007c46700000)]
  0x000002760fa32000 JavaThread "Thread-9" [_thread_blocked, id=14844, stack(0x0000007c46500000,0x0000007c46600000)]
  0x000002760fa22000 JavaThread "Stdin handler" [_thread_blocked, id=6328, stack(0x0000007c46400000,0x0000007c46500000)]
  0x000002760f1e6800 JavaThread "Asynchronous log dispatcher for DefaultDaemonConnection: socket connection from /127.0.0.1:53550 to /127.0.0.1:53551" [_thread_blocked, id=1688, stack(0x0000007c46300000,0x0000007c46400000)]
  0x000002761026e800 JavaThread "Daemon worker" [_thread_in_Java, id=320, stack(0x0000007c46200000,0x0000007c46300000)]
  0x000002760fa24000 JavaThread "Cancel handler" [_thread_blocked, id=3372, stack(0x0000007c46100000,0x0000007c46200000)]
  0x000002760f3fa000 JavaThread "Handler for socket connection from /127.0.0.1:53550 to /127.0.0.1:53551" [_thread_in_native, id=12540, stack(0x0000007c46000000,0x0000007c46100000)]
  0x000002760f3f9800 JavaThread "Daemon" [_thread_blocked, id=13220, stack(0x0000007c45f00000,0x0000007c46000000)]
  0x000002760f35e000 JavaThread "Daemon periodic checks" [_thread_blocked, id=10024, stack(0x0000007c45e00000,0x0000007c45f00000)]
  0x000002760f35d800 JavaThread "Incoming local TCP Connector on port 53550" [_thread_in_native, id=12684, stack(0x0000007c45d00000,0x0000007c45e00000)]
  0x00000276101fa800 JavaThread "Daemon health stats" [_thread_blocked, id=7044, stack(0x0000007c45a00000,0x0000007c45b00000)]
  0x000002767ee70800 JavaThread "Service Thread" daemon [_thread_blocked, id=9928, stack(0x0000007c45800000,0x0000007c45900000)]
  0x000002767ee06000 JavaThread "C1 CompilerThread11" daemon [_thread_blocked, id=14892, stack(0x0000007c45700000,0x0000007c45800000)]
  0x000002767ee04000 JavaThread "C1 CompilerThread10" daemon [_thread_blocked, id=356, stack(0x0000007c45600000,0x0000007c45700000)]
  0x000002767ee0a800 JavaThread "C1 CompilerThread9" daemon [_thread_blocked, id=11136, stack(0x0000007c45500000,0x0000007c45600000)]
  0x000002767ee09800 JavaThread "C1 CompilerThread8" daemon [_thread_blocked, id=2928, stack(0x0000007c45400000,0x0000007c45500000)]
=>0x000002767edfa800 JavaThread "C2 CompilerThread7" daemon [_thread_in_native, id=13828, stack(0x0000007c45300000,0x0000007c45400000)]
  0x000002767edd6000 JavaThread "C2 CompilerThread6" daemon [_thread_blocked, id=3100, stack(0x0000007c45200000,0x0000007c45300000)]
  0x000002767edcd800 JavaThread "C2 CompilerThread5" daemon [_thread_blocked, id=14724, stack(0x0000007c45100000,0x0000007c45200000)]
  0x000002767edc6800 JavaThread "C2 CompilerThread4" daemon [_thread_in_native, id=14876, stack(0x0000007c45000000,0x0000007c45100000)]
  0x000002767edc2000 JavaThread "C2 CompilerThread3" daemon [_thread_blocked, id=10020, stack(0x0000007c44f00000,0x0000007c45000000)]
  0x000002767edc1800 JavaThread "C2 CompilerThread2" daemon [_thread_blocked, id=9128, stack(0x0000007c44e00000,0x0000007c44f00000)]
  0x000002767edbf800 JavaThread "C2 CompilerThread1" daemon [_thread_blocked, id=7600, stack(0x0000007c44d00000,0x0000007c44e00000)]
  0x000002767c09d800 JavaThread "C2 CompilerThread0" daemon [_thread_blocked, id=8720, stack(0x0000007c44c00000,0x0000007c44d00000)]
  0x000002767edbc000 JavaThread "Attach Listener" daemon [_thread_blocked, id=1148, stack(0x0000007c44b00000,0x0000007c44c00000)]
  0x000002767edb9000 JavaThread "Signal Dispatcher" daemon [_thread_blocked, id=10176, stack(0x0000007c44a00000,0x0000007c44b00000)]
  0x000002767eda1800 JavaThread "Finalizer" daemon [_thread_blocked, id=13608, stack(0x0000007c44900000,0x0000007c44a00000)]
  0x000002767eda0800 JavaThread "Reference Handler" daemon [_thread_blocked, id=14124, stack(0x0000007c44800000,0x0000007c44900000)]
  0x0000027674cc2000 JavaThread "main" [_thread_blocked, id=4276, stack(0x0000007c43900000,0x0000007c43a00000)]

Other Threads:
  0x000002767c06e800 VMThread [stack: 0x0000007c44700000,0x0000007c44800000] [id=13596]
  0x000002767ee76000 WatcherThread [stack: 0x0000007c45900000,0x0000007c45a00000] [id=11152]

VM state:not at safepoint (normal execution)

VM Mutex/Monitor currently owned by a thread: None

heap address: 0x0000000080000000, size: 2048 MB, Compressed Oops mode: 32-bit
Narrow klass base: 0x0000000000000000, Narrow klass shift: 3
Compressed class space size: 1073741824 Address: 0x0000000100000000

Heap:
 PSYoungGen      total 110592K, used 34732K [0x00000000d5580000, 0x00000000dcd00000, 0x0000000100000000)
  eden space 99840K, 25% used [0x00000000d5580000,0x00000000d6e79110,0x00000000db700000)
  from space 10752K, 85% used [0x00000000dc200000,0x00000000dcaf2178,0x00000000dcc80000)
  to   space 11264K, 0% used [0x00000000db700000,0x00000000db700000,0x00000000dc200000)
 ParOldGen       total 56832K, used 10537K [0x0000000080000000, 0x0000000083780000, 0x00000000d5580000)
  object space 56832K, 18% used [0x0000000080000000,0x0000000080a4a660,0x0000000083780000)
 Metaspace       used 33799K, capacity 34930K, committed 35200K, reserved 1079296K
  class space    used 4704K, capacity 4942K, committed 4992K, reserved 1048576K

Card table byte_map: [0x0000027676ab0000,0x0000027676ec0000] byte_map_base: 0x00000276766b0000

Marking Bits: (ParMarkBitMap*) 0x0000000073301820
 Begin Bits: [0x0000027677170000, 0x0000027679170000)
 End Bits:   [0x0000027679170000, 0x000002767b170000)

Polling page: 0x00000276766c0000

CodeCache: size=245760Kb used=12580Kb max_used=12580Kb free=233179Kb
 bounds [0x0000027600000000, 0x0000027600c50000, 0x000002760f000000]
 total_blobs=3523 nmethods=2837 adapters=596
 compilation: enabled

Compilation events (10 events):
Event: 2.777 Thread 0x000002767ee0a800 2838       3       com.google.common.collect.AbstractMapBasedMultimap$WrappedCollection$WrappedIterator::validateIterator (30 bytes)
Event: 2.777 Thread 0x000002767ee04000 nmethod 2837 0x0000027600c34210 code [0x0000027600c343c0, 0x0000027600c34970]
Event: 2.777 Thread 0x000002767ee0a800 nmethod 2838 0x0000027600c33c10 code [0x0000027600c33da0, 0x0000027600c340c0]
Event: 2.777 Thread 0x000002767ee09800 2839       1       java.lang.reflect.Constructor::getSignature (5 bytes)
Event: 2.778 Thread 0x000002767ee09800 nmethod 2839 0x0000027600c33950 code [0x0000027600c33aa0, 0x0000027600c33bb8]
Event: 2.778 Thread 0x000002767ee06000 nmethod 2835 0x0000027600c45350 code [0x0000027600c45880, 0x0000027600c49ef0]
Event: 2.779 Thread 0x000002767ee04000 2840   !   3       java.lang.invoke.MethodHandleNatives::linkMethodHandleConstant (154 bytes)
Event: 2.779 Thread 0x000002767ee09800 2841       3       java.lang.invoke.MethodHandles$Lookup::linkMethodHandleConstant (185 bytes)
Event: 2.779 Thread 0x000002767ee04000 nmethod 2840 0x0000027600c4afd0 code [0x0000027600c4b220, 0x0000027600c4bde0]
Event: 2.780 Thread 0x000002767ee09800 nmethod 2841 0x0000027600c4c3d0 code [0x0000027600c4c680, 0x0000027600c4db60]

GC Heap History (10 events):
Event: 1.707 GC heap before
{Heap before GC invocations=5 (full 0):
 PSYoungGen      total 66560K, used 66544K [0x00000000d5580000, 0x00000000d9b80000, 0x0000000100000000)
  eden space 61440K, 100% used [0x00000000d5580000,0x00000000d9180000,0x00000000d9180000)
  from space 5120K, 99% used [0x00000000d9680000,0x00000000d9b7c050,0x00000000d9b80000)
  to   space 5120K, 0% used [0x00000000d9180000,0x00000000d9180000,0x00000000d9680000)
 ParOldGen       total 81920K, used 2528K [0x0000000080000000, 0x0000000085000000, 0x00000000d5580000)
  object space 81920K, 3% used [0x0000000080000000,0x0000000080278198,0x0000000085000000)
 Metaspace       used 17830K, capacity 18402K, committed 18688K, reserved 1064960K
  class space    used 2591K, capacity 2741K, committed 2816K, reserved 1048576K
Event: 1.716 GC heap after
Heap after GC invocations=5 (full 0):
 PSYoungGen      total 66560K, used 5095K [0x00000000d5580000, 0x00000000d9b80000, 0x0000000100000000)
  eden space 61440K, 0% used [0x00000000d5580000,0x00000000d5580000,0x00000000d9180000)
  from space 5120K, 99% used [0x00000000d9180000,0x00000000d9679fd0,0x00000000d9680000)
  to   space 5120K, 0% used [0x00000000d9680000,0x00000000d9680000,0x00000000d9b80000)
 ParOldGen       total 81920K, used 7988K [0x0000000080000000, 0x0000000085000000, 0x00000000d5580000)
  object space 81920K, 9% used [0x0000000080000000,0x00000000807cd298,0x0000000085000000)
 Metaspace       used 17830K, capacity 18402K, committed 18688K, reserved 1064960K
  class space    used 2591K, capacity 2741K, committed 2816K, reserved 1048576K
}
Event: 1.914 GC heap before
{Heap before GC invocations=6 (full 0):
 PSYoungGen      total 66560K, used 38402K [0x00000000d5580000, 0x00000000d9b80000, 0x0000000100000000)
  eden space 61440K, 54% used [0x00000000d5580000,0x00000000d7606a38,0x00000000d9180000)
  from space 5120K, 99% used [0x00000000d9180000,0x00000000d9679fd0,0x00000000d9680000)
  to   space 5120K, 0% used [0x00000000d9680000,0x00000000d9680000,0x00000000d9b80000)
 ParOldGen       total 81920K, used 7988K [0x0000000080000000, 0x0000000085000000, 0x00000000d5580000)
  object space 81920K, 9% used [0x0000000080000000,0x00000000807cd298,0x0000000085000000)
 Metaspace       used 20492K, capacity 21218K, committed 21296K, reserved 1067008K
  class space    used 2997K, capacity 3195K, committed 3200K, reserved 1048576K
Event: 1.920 GC heap after
Heap after GC invocations=6 (full 0):
 PSYoungGen      total 66560K, used 5092K [0x00000000d5580000, 0x00000000d9b80000, 0x0000000100000000)
  eden space 61440K, 0% used [0x00000000d5580000,0x00000000d5580000,0x00000000d9180000)
  from space 5120K, 99% used [0x00000000d9680000,0x00000000d9b79050,0x00000000d9b80000)
  to   space 5120K, 0% used [0x00000000d9180000,0x00000000d9180000,0x00000000d9680000)
 ParOldGen       total 81920K, used 11102K [0x0000000080000000, 0x0000000085000000, 0x00000000d5580000)
  object space 81920K, 13% used [0x0000000080000000,0x0000000080ad79e0,0x0000000085000000)
 Metaspace       used 20492K, capacity 21218K, committed 21296K, reserved 1067008K
  class space    used 2997K, capacity 3195K, committed 3200K, reserved 1048576K
}
Event: 1.920 GC heap before
{Heap before GC invocations=7 (full 1):
 PSYoungGen      total 66560K, used 5092K [0x00000000d5580000, 0x00000000d9b80000, 0x0000000100000000)
  eden space 61440K, 0% used [0x00000000d5580000,0x00000000d5580000,0x00000000d9180000)
  from space 5120K, 99% used [0x00000000d9680000,0x00000000d9b79050,0x00000000d9b80000)
  to   space 5120K, 0% used [0x00000000d9180000,0x00000000d9180000,0x00000000d9680000)
 ParOldGen       total 81920K, used 11102K [0x0000000080000000, 0x0000000085000000, 0x00000000d5580000)
  object space 81920K, 13% used [0x0000000080000000,0x0000000080ad79e0,0x0000000085000000)
 Metaspace       used 20492K, capacity 21218K, committed 21296K, reserved 1067008K
  class space    used 2997K, capacity 3195K, committed 3200K, reserved 1048576K
Event: 1.941 GC heap after
Heap after GC invocations=7 (full 1):
 PSYoungGen      total 66560K, used 0K [0x00000000d5580000, 0x00000000d9b80000, 0x0000000100000000)
  eden space 61440K, 0% used [0x00000000d5580000,0x00000000d5580000,0x00000000d9180000)
  from space 5120K, 0% used [0x00000000d9680000,0x00000000d9680000,0x00000000d9b80000)
  to   space 5120K, 0% used [0x00000000d9180000,0x00000000d9180000,0x00000000d9680000)
 ParOldGen       total 56832K, used 9366K [0x0000000080000000, 0x0000000083780000, 0x00000000d5580000)
  object space 56832K, 16% used [0x0000000080000000,0x0000000080925b78,0x0000000083780000)
 Metaspace       used 20492K, capacity 21218K, committed 21296K, reserved 1067008K
  class space    used 2997K, capacity 3195K, committed 3200K, reserved 1048576K
}
Event: 2.268 GC heap before
{Heap before GC invocations=8 (full 1):
 PSYoungGen      total 66560K, used 61440K [0x00000000d5580000, 0x00000000d9b80000, 0x0000000100000000)
  eden space 61440K, 100% used [0x00000000d5580000,0x00000000d9180000,0x00000000d9180000)
  from space 5120K, 0% used [0x00000000d9680000,0x00000000d9680000,0x00000000d9b80000)
  to   space 5120K, 0% used [0x00000000d9180000,0x00000000d9180000,0x00000000d9680000)
 ParOldGen       total 56832K, used 9366K [0x0000000080000000, 0x0000000083780000, 0x00000000d5580000)
  object space 56832K, 16% used [0x0000000080000000,0x0000000080925b78,0x0000000083780000)
 Metaspace       used 25521K, capacity 26338K, committed 26496K, reserved 1071104K
  class space    used 3718K, capacity 3921K, committed 3968K, reserved 1048576K
Event: 2.273 GC heap after
Heap after GC invocations=8 (full 1):
 PSYoungGen      total 66560K, used 5106K [0x00000000d5580000, 0x00000000dcc80000, 0x0000000100000000)
  eden space 61440K, 0% used [0x00000000d5580000,0x00000000d5580000,0x00000000d9180000)
  from space 5120K, 99% used [0x00000000d9180000,0x00000000d967cb78,0x00000000d9680000)
  to   space 10752K, 0% used [0x00000000dc200000,0x00000000dc200000,0x00000000dcc80000)
 ParOldGen       total 56832K, used 10529K [0x0000000080000000, 0x0000000083780000, 0x00000000d5580000)
  object space 56832K, 18% used [0x0000000080000000,0x0000000080a48660,0x0000000083780000)
 Metaspace       used 25521K, capacity 26338K, committed 26496K, reserved 1071104K
  class space    used 3718K, capacity 3921K, committed 3968K, reserved 1048576K
}
Event: 2.674 GC heap before
{Heap before GC invocations=9 (full 1):
 PSYoungGen      total 66560K, used 66546K [0x00000000d5580000, 0x00000000dcc80000, 0x0000000100000000)
  eden space 61440K, 100% used [0x00000000d5580000,0x00000000d9180000,0x00000000d9180000)
  from space 5120K, 99% used [0x00000000d9180000,0x00000000d967cb78,0x00000000d9680000)
  to   space 10752K, 0% used [0x00000000dc200000,0x00000000dc200000,0x00000000dcc80000)
 ParOldGen       total 56832K, used 10529K [0x0000000080000000, 0x0000000083780000, 0x00000000d5580000)
  object space 56832K, 18% used [0x0000000080000000,0x0000000080a48660,0x0000000083780000)
 Metaspace       used 32436K, capacity 33458K, committed 33536K, reserved 1077248K
  class space    used 4582K, capacity 4822K, committed 4864K, reserved 1048576K
Event: 2.681 GC heap after
Heap after GC invocations=9 (full 1):
 PSYoungGen      total 110592K, used 9160K [0x00000000d5580000, 0x00000000dcd00000, 0x0000000100000000)
  eden space 99840K, 0% used [0x00000000d5580000,0x00000000d5580000,0x00000000db700000)
  from space 10752K, 85% used [0x00000000dc200000,0x00000000dcaf2178,0x00000000dcc80000)
  to   space 11264K, 0% used [0x00000000db700000,0x00000000db700000,0x00000000dc200000)
 ParOldGen       total 56832K, used 10537K [0x0000000080000000, 0x0000000083780000, 0x00000000d5580000)
  object space 56832K, 18% used [0x0000000080000000,0x0000000080a4a660,0x0000000083780000)
 Metaspace       used 32436K, capacity 33458K, committed 33536K, reserved 1077248K
  class space    used 4582K, capacity 4822K, committed 4864K, reserved 1048576K
}

Deoptimization events (10 events):
Event: 2.374 Thread 0x000002761026e800 Uncommon trap: reason=unstable_if action=reinterpret pc=0x0000027600770ecc method=jdk.internal.org.objectweb.asm.Type.getArgumentsAndReturnSizes(Ljava/lang/String;)I @ 88
Event: 2.405 Thread 0x000002761026e800 Uncommon trap: reason=unstable_if action=reinterpret pc=0x000002760085a2dc method=java.net.URLClassLoader.defineClass(Ljava/lang/String;Lsun/misc/Resource;)Ljava/lang/Class; @ 21
Event: 2.406 Thread 0x000002761026e800 Uncommon trap: reason=unstable_if action=reinterpret pc=0x000002760072625c method=java.lang.ClassLoader.getClassLoadingLock(Ljava/lang/String;)Ljava/lang/Object; @ 6
Event: 2.619 Thread 0x000002761026e800 Uncommon trap: reason=unstable_if action=reinterpret pc=0x0000027600b854d8 method=java.util.HashMap.getNode(ILjava/lang/Object;)Ljava/util/HashMap$Node; @ 53
Event: 2.623 Thread 0x000002761026e800 Uncommon trap: reason=unstable_if action=reinterpret pc=0x0000027600b66004 method=org.gradle.internal.reflect.PropertyAccessorType.isGetGetterName(Ljava/lang/String;)Z @ 14
Event: 2.639 Thread 0x000002761026e800 Uncommon trap: reason=unstable_if action=reinterpret pc=0x00000276009550c0 method=org.objectweb.asm.ByteVector.putShort(I)Lorg/objectweb/asm/ByteVector; @ 13
Event: 2.682 Thread 0x000002767eda0800 Uncommon trap: reason=unstable_if action=reinterpret pc=0x00000276007c2620 method=java.lang.ref.Reference.tryHandlePending(Z)Z @ 104
Event: 2.707 Thread 0x000002761026e800 Uncommon trap: reason=unstable_if action=reinterpret pc=0x000002760082b548 method=java.net.URLClassLoader.defineClass(Ljava/lang/String;Lsun/misc/Resource;)Ljava/lang/Class; @ 21
Event: 2.741 Thread 0x000002761026e800 Uncommon trap: reason=unstable_if action=reinterpret pc=0x0000027600c185d8 method=org.codehaus.groovy.runtime.metaclass.MetaMethodIndex.addMethodToList(Ljava/lang/Object;Lgroovy/lang/MetaMethod;)Ljava/lang/Object; @ 226
Event: 2.776 Thread 0x000002761026e800 Uncommon trap: reason=range_check action=make_not_entrant pc=0x0000027600bdc92c method=java.lang.String.charAt(I)C @ 27

Classes redefined (0 events):
No events

Internal exceptions (10 events):
Event: 2.751 Thread 0x000002761026e800 Exception <a 'java/lang/ClassNotFoundException': org/gradle/api/internal/DefaultNamedDomainObjectCollectionBeanInfo> (0x00000000d63b9e90) thrown at [C:\wsjdk\Corretto8Src\installers\windows\zip\corretto-build\buildRoot\src\hotspot\src\share\vm\classfile\s
Event: 2.751 Thread 0x000002761026e800 Exception <a 'java/lang/ClassNotFoundException': org/gradle/api/internal/DefaultDomainObjectCollectionBeanInfo> (0x00000000d63f0e60) thrown at [C:\wsjdk\Corretto8Src\installers\windows\zip\corretto-build\buildRoot\src\hotspot\src\share\vm\classfile\system
Event: 2.751 Thread 0x000002761026e800 Exception <a 'java/lang/ClassNotFoundException': java/util/AbstractCollectionBeanInfo> (0x00000000d63f57e8) thrown at [C:\wsjdk\Corretto8Src\installers\windows\zip\corretto-build\buildRoot\src\hotspot\src\share\vm\classfile\systemDictionary.cpp, line 217]
Event: 2.752 Thread 0x000002761026e800 Exception <a 'java/lang/ClassNotFoundException': java/util/AbstractCollectionCustomizer> (0x00000000d63fa110) thrown at [C:\wsjdk\Corretto8Src\installers\windows\zip\corretto-build\buildRoot\src\hotspot\src\share\vm\classfile\systemDictionary.cpp, line 21
Event: 2.753 Thread 0x000002761026e800 Exception <a 'java/lang/ClassNotFoundException': org/gradle/api/internal/DefaultDomainObjectCollectionCustomizer> (0x00000000d643cac8) thrown at [C:\wsjdk\Corretto8Src\installers\windows\zip\corretto-build\buildRoot\src\hotspot\src\share\vm\classfile\syst
Event: 2.754 Thread 0x000002761026e800 Exception <a 'java/lang/ClassNotFoundException': org/gradle/api/internal/DefaultNamedDomainObjectCollectionCustomizer> (0x00000000d649db90) thrown at [C:\wsjdk\Corretto8Src\installers\windows\zip\corretto-build\buildRoot\src\hotspot\src\share\vm\classfile
Event: 2.755 Thread 0x000002761026e800 Exception <a 'java/lang/ClassNotFoundException': org/gradle/api/internal/DefaultNamedDomainObjectListCustomizer> (0x00000000d6515ee0) thrown at [C:\wsjdk\Corretto8Src\installers\windows\zip\corretto-build\buildRoot\src\hotspot\src\share\vm\classfile\syste
Event: 2.756 Thread 0x000002761026e800 Exception <a 'java/lang/ClassNotFoundException': org/gradle/api/internal/artifacts/DefaultArtifactRepositoryContainerCustomizer> (0x00000000d658f088) thrown at [C:\wsjdk\Corretto8Src\installers\windows\zip\corretto-build\buildRoot\src\hotspot\src\share\vm
Event: 2.757 Thread 0x000002761026e800 Exception <a 'java/lang/ClassNotFoundException': org/gradle/api/internal/artifacts/dsl/DefaultRepositoryHandlerCustomizer> (0x00000000d65f8c08) thrown at [C:\wsjdk\Corretto8Src\installers\windows\zip\corretto-build\buildRoot\src\hotspot\src\share\vm\class
Event: 2.759 Thread 0x000002761026e800 Exception <a 'java/lang/ClassNotFoundException': org/gradle/api/internal/artifacts/dsl/DefaultRepositoryHandler_DecoratedCustomizer> (0x00000000d66812f8) thrown at [C:\wsjdk\Corretto8Src\installers\windows\zip\corretto-build\buildRoot\src\hotspot\src\shar

Events (10 events):
Event: 2.779 loading class com/google/common/base/Supplier
Event: 2.779 loading class com/google/common/base/Supplier done
Event: 2.780 loading class org/gradle/api/internal/artifacts/repositories/DefaultMavenArtifactRepository
Event: 2.780 loading class org/gradle/api/internal/artifacts/repositories/DefaultMavenArtifactRepository done
Event: 2.781 loading class groovy/runtime/metaclass/build_ckfjc5d9p1mkwq3qkj3jrxkcf$_run_closure1$_closure3MetaClass
Event: 2.781 loading class groovy/runtime/metaclass/build_ckfjc5d9p1mkwq3qkj3jrxkcf$_run_closure1$_closure3MetaClass done
Event: 2.781 loading class org/gradle/api/internal/artifacts/configurations/DefaultConfiguration
Event: 2.781 loading class org/gradle/api/internal/artifacts/configurations/DefaultConfiguration done
Event: 2.783 loading class org/gradle/api/artifacts/PublishArtifactSet
Event: 2.783 loading class org/gradle/api/artifacts/PublishArtifactSet done


Dynamic libraries:
0x00007ff6832e0000 - 0x00007ff68331a000 	C:\Users\Oleg\.jdks\corretto-1.8.0_302\bin\java.exe
0x00007fffde130000 - 0x00007fffde325000 	C:\Windows\SYSTEM32\ntdll.dll
0x00007fffdd370000 - 0x00007fffdd42d000 	C:\Windows\System32\KERNEL32.DLL
0x00007fffdb930000 - 0x00007fffdbbf9000 	C:\Windows\System32\KERNELBASE.dll
0x00007fffdd000000 - 0x00007fffdd0ac000 	C:\Windows\System32\ADVAPI32.dll
0x00007fffde020000 - 0x00007fffde0be000 	C:\Windows\System32\msvcrt.dll
0x00007fffdcf60000 - 0x00007fffdcffb000 	C:\Windows\System32\sechost.dll
0x00007fffdd240000 - 0x00007fffdd36a000 	C:\Windows\System32\RPCRT4.dll
0x00007fffdcdc0000 - 0x00007fffdcf60000 	C:\Windows\System32\USER32.dll
0x00007fffdbc90000 - 0x00007fffdbcb2000 	C:\Windows\System32\win32u.dll
0x00007fffddf00000 - 0x00007fffddf2a000 	C:\Windows\System32\GDI32.dll
0x00007fffdbcf0000 - 0x00007fffdbdfb000 	C:\Windows\System32\gdi32full.dll
0x00007fffdbe00000 - 0x00007fffdbe9d000 	C:\Windows\System32\msvcp_win.dll
0x00007fffdb830000 - 0x00007fffdb930000 	C:\Windows\System32\ucrtbase.dll
0x00007fffca0d0000 - 0x00007fffca36a000 	C:\Windows\WinSxS\amd64_microsoft.windows.common-controls_6595b64144ccf1df_6.0.19041.1110_none_60b5254171f9507e\COMCTL32.dll
0x00007fffdde00000 - 0x00007fffdde30000 	C:\Windows\System32\IMM32.DLL
0x00007fff9f220000 - 0x00007fff9f30f000 	C:\Users\Oleg\.jdks\corretto-1.8.0_302\jre\bin\msvcr120.dll
0x00007fff9d490000 - 0x00007fff9d536000 	C:\Users\Oleg\.jdks\corretto-1.8.0_302\jre\bin\msvcp120.dll
0x0000000072b10000 - 0x0000000073380000 	C:\Users\Oleg\.jdks\corretto-1.8.0_302\jre\bin\server\jvm.dll
0x00007fffdc180000 - 0x00007fffdc188000 	C:\Windows\System32\PSAPI.DLL
0x00007fffd3cd0000 - 0x00007fffd3cf7000 	C:\Windows\SYSTEM32\WINMM.dll
0x00007fffc85e0000 - 0x00007fffc85e9000 	C:\Windows\SYSTEM32\WSOCK32.dll
0x00007fffd5650000 - 0x00007fffd565a000 	C:\Windows\SYSTEM32\VERSION.dll
0x00007fffddfb0000 - 0x00007fffde01b000 	C:\Windows\System32\WS2_32.dll
0x00007fffca070000 - 0x00007fffca07f000 	C:\Users\Oleg\.jdks\corretto-1.8.0_302\jre\bin\verify.dll
0x00007fffb8f60000 - 0x00007fffb8f89000 	C:\Users\Oleg\.jdks\corretto-1.8.0_302\jre\bin\java.dll
0x00007fffbcc60000 - 0x00007fffbcc76000 	C:\Users\Oleg\.jdks\corretto-1.8.0_302\jre\bin\zip.dll
0x00007fffdc1a0000 - 0x00007fffdc8df000 	C:\Windows\System32\SHELL32.dll
0x00007fffd9920000 - 0x00007fffda0b0000 	C:\Windows\SYSTEM32\windows.storage.dll
0x00007fffdd430000 - 0x00007fffdd785000 	C:\Windows\System32\combase.dll
0x00007fffdb220000 - 0x00007fffdb24c000 	C:\Windows\SYSTEM32\Wldp.dll
0x00007fffdcd10000 - 0x00007fffdcdbe000 	C:\Windows\System32\SHCORE.dll
0x00007fffdccb0000 - 0x00007fffdcd05000 	C:\Windows\System32\shlwapi.dll
0x00007fffdb770000 - 0x00007fffdb78f000 	C:\Windows\SYSTEM32\profapi.dll
0x00007fffbb2f0000 - 0x00007fffbb30a000 	C:\Users\Oleg\.jdks\corretto-1.8.0_302\jre\bin\net.dll
0x00007fffdaf80000 - 0x00007fffdafea000 	C:\Windows\system32\mswsock.dll
0x00007fffba520000 - 0x00007fffba532000 	C:\Users\Oleg\.jdks\corretto-1.8.0_302\jre\bin\nio.dll
0x00007fffb4af0000 - 0x00007fffb4b17000 	C:\Users\Oleg\.gradle\native\fdc75f09e3144964f2cf3f50f0aa648679c211496f362492102eb8c894070792\windows-amd64\native-platform.dll
0x00007fff9d150000 - 0x00007fff9d2e6000 	C:\Users\Oleg\.gradle\native\12488b8bf47d2d4c9fbf2f6322a914ad602e24e48041cd04a747c6da556b65c4\windows-amd64\native-platform-file-events.dll
0x00007fffc9640000 - 0x00007fffc964d000 	C:\Users\Oleg\.jdks\corretto-1.8.0_302\jre\bin\management.dll
0x00007fffdb170000 - 0x00007fffdb188000 	C:\Windows\SYSTEM32\CRYPTSP.dll
0x00007fffda8a0000 - 0x00007fffda8d4000 	C:\Windows\system32\rsaenh.dll
0x00007fffdbcc0000 - 0x00007fffdbce7000 	C:\Windows\System32\bcrypt.dll
0x00007fffdb6f0000 - 0x00007fffdb71e000 	C:\Windows\SYSTEM32\USERENV.dll
0x00007fffdbc00000 - 0x00007fffdbc83000 	C:\Windows\System32\bcryptprimitives.dll
0x00007fffdb190000 - 0x00007fffdb19c000 	C:\Windows\SYSTEM32\CRYPTBASE.dll
0x00007fffdac10000 - 0x00007fffdac4b000 	C:\Windows\SYSTEM32\IPHLPAPI.DLL
0x00007fffdd0b0000 - 0x00007fffdd0b8000 	C:\Windows\System32\NSI.dll
0x00007fffd5350000 - 0x00007fffd5367000 	C:\Windows\SYSTEM32\dhcpcsvc6.DLL
0x00007fffd5580000 - 0x00007fffd559d000 	C:\Windows\SYSTEM32\dhcpcsvc.DLL
0x00007fffdac50000 - 0x00007fffdad1c000 	C:\Windows\SYSTEM32\DNSAPI.dll
0x00007fffd5710000 - 0x00007fffd571b000 	C:\Windows\SYSTEM32\WINNSI.DLL

VM Arguments:
jvm_args: -Xmx2048m -Dfile.encoding=UTF-8 -Duser.country=RU -Duser.language=ru -Duser.variant 
java_command: org.gradle.launcher.daemon.bootstrap.GradleDaemon 6.7.1
java_class_path (initial): C:\Users\Oleg\.gradle\wrapper\dists\gradle-6.7.1-all\2moa8rlfac5eqlcfgk98k0deb\gradle-6.7.1\lib\gradle-launcher-6.7.1.jar
Launcher Type: SUN_STANDARD

Environment Variables:
PATH=C:\ProgramData\Oracle\Java\javapath;C:\Program Files (x86)\Common Files\Intel\Shared Libraries\redist\intel64\compiler;C:\Windows\system32;C:\Windows;C:\Windows\System32\Wbem;C:\Windows\System32\WindowsPowerShell\v1.0\;C:\Program Files (x86)\NVIDIA Corporation\PhysX\Common;C:\Program Files\NVIDIA Corporation\NVIDIA NvDLISR;C:\Program Files\Git\cmd;C:\Users\Oleg\AppData\Local\Microsoft\WindowsApps;
USERNAME=Oleg
OS=Windows_NT
PROCESSOR_IDENTIFIER=AMD64 Family 23 Model 96 Stepping 1, AuthenticAMD



---------------  S Y S T E M  ---------------

OS: Windows 10.0 , 64 bit Build 19041 (10.0.19041.1151)

CPU:total 16 (initial active 16) (16 cores per cpu, 1 threads per core) family 23 model 96 stepping 1, cmov, cx8, fxsr, mmx, sse, sse2, sse3, ssse3, sse4.1, sse4.2, popcnt, avx, avx2, aes, clmul, mmxext, 3dnowpref, lzcnt, sse4a, tsc, tscinvbit, tscinv, bmi1

Memory: 4k page, physical 7782856k(281632k free), swap 12556252k(5196k free)

vm_info: OpenJDK 64-Bit Server VM (25.302-b08) for windows-amd64 JRE (1.8.0_302-b08), built on Jul 15 2021 19:37:21 by "Administrator" with MS VC++ 12.0 (VS2013)

time: Sat Sep 18 13:15:22 2021
timezone: RTZ 2 (ceia)
elapsed time: 2.788874 seconds (0d 0h 0m 2s)

