#
# There is insufficient memory for the Java Runtime Environment to continue.
# Native memory allocation (malloc) failed to allocate 998608 bytes for Chunk::new
# Possible reasons:
#   The system is out of physical RAM or swap space
#   The process is running with CompressedOops enabled, and the Java Heap may be blocking the growth of the native heap
# Possible solutions:
#   Reduce memory load on the system
#   Increase physical memory or swap space
#   Check if swap backing store is full
#   Decrease Java heap size (-Xmx/-Xms)
#   Decrease number of Java threads
#   Decrease Java thread stack sizes (-Xss)
#   Set larger code cache with -XX:ReservedCodeCacheSize=
#   JVM is running with Unscaled Compressed Oops mode in which the Java heap is
#     placed in the first 4GB address space. The Java Heap base address is the
#     maximum limit for the native heap growth. Please use -XX:HeapBaseMinAddress
#     to set the Java Heap base and to place the Java Heap above 4GB virtual address.
# This output file may be truncated or incomplete.
#
#  Out of Memory Error (allocation.cpp:389), pid=2964, tid=0x0000000000003a60
#
# JRE version: OpenJDK Runtime Environment (8.0_302-b08) (build 1.8.0_302-b08)
# Java VM: OpenJDK 64-Bit Server VM (25.302-b08 mixed mode windows-amd64 compressed oops)
# Failed to write core dump. Minidumps are not enabled by default on client versions of Windows
#

---------------  T H R E A D  ---------------

Current thread (0x000001e5ae963000):  JavaThread "C2 CompilerThread7" daemon [_thread_in_native, id=14944, stack(0x000000a1ca300000,0x000000a1ca400000)]

Stack: [0x000000a1ca300000,0x000000a1ca400000]
[error occurred during error reporting (printing stack bounds), id 0xc0000005]

Native frames: (J=compiled Java code, j=interpreted, Vv=VM code, C=native code)


Current CompileTask:
C2:  11616 10199       4       org.gradle.tooling.internal.adapter.ProtocolToModelAdapter$InvocationHandlerImpl::invoke (176 bytes)


---------------  P R O C E S S  ---------------

Java Threads: ( => current thread )
  0x000001e5b524b000 JavaThread "pool-3-thread-1" [_thread_blocked, id=11368, stack(0x000000a1d3200000,0x000000a1d3300000)]
  0x000001e5b524a000 JavaThread "Memory manager" [_thread_blocked, id=2600, stack(0x000000a1d3100000,0x000000a1d3200000)]
  0x000001e5b524b800 JavaThread "jar transforms Thread 97" [_thread_blocked, id=17100, stack(0x000000a1d3000000,0x000000a1d3100000)]
  0x000001e5b5250800 JavaThread "jar transforms Thread 96" [_thread_blocked, id=7932, stack(0x000000a1d2f00000,0x000000a1d3000000)]
  0x000001e5b524f000 JavaThread "jar transforms Thread 95" [_thread_blocked, id=16612, stack(0x000000a1d2e00000,0x000000a1d2f00000)]
  0x000001e5b524e000 JavaThread "jar transforms Thread 94" [_thread_blocked, id=10076, stack(0x000000a1d2d00000,0x000000a1d2e00000)]
  0x000001e5b524d800 JavaThread "jar transforms Thread 93" [_thread_blocked, id=2984, stack(0x000000a1d2c00000,0x000000a1d2d00000)]
  0x000001e5b5245800 JavaThread "jar transforms Thread 92" [_thread_blocked, id=14212, stack(0x000000a1d2b00000,0x000000a1d2c00000)]
  0x000001e5b5249800 JavaThread "jar transforms Thread 91" [_thread_blocked, id=8636, stack(0x000000a1d2a00000,0x000000a1d2b00000)]
  0x000001e5b5247000 JavaThread "jar transforms Thread 90" [_thread_blocked, id=16908, stack(0x000000a1d2900000,0x000000a1d2a00000)]
  0x000001e5b524c800 JavaThread "jar transforms Thread 89" [_thread_blocked, id=12808, stack(0x000000a1d2800000,0x000000a1d2900000)]
  0x000001e5b5248000 JavaThread "jar transforms Thread 88" [_thread_blocked, id=16960, stack(0x000000a1d2700000,0x000000a1d2800000)]
  0x000001e5b5244800 JavaThread "jar transforms Thread 87" [_thread_blocked, id=5884, stack(0x000000a1d2600000,0x000000a1d2700000)]
  0x000001e5b5248800 JavaThread "jar transforms Thread 86" [_thread_blocked, id=15540, stack(0x000000a1d2500000,0x000000a1d2600000)]
  0x000001e5b5246000 JavaThread "jar transforms Thread 85" [_thread_blocked, id=14004, stack(0x000000a1d2400000,0x000000a1d2500000)]
  0x000001e5b2e08000 JavaThread "jar transforms Thread 84" [_thread_blocked, id=13428, stack(0x000000a1d2300000,0x000000a1d2400000)]
  0x000001e5b2e09800 JavaThread "jar transforms Thread 83" [_thread_blocked, id=14312, stack(0x000000a1d2200000,0x000000a1d2300000)]
  0x000001e5b2e06800 JavaThread "jar transforms Thread 82" [_thread_blocked, id=14912, stack(0x000000a1d2100000,0x000000a1d2200000)]
  0x000001e5b2e05800 JavaThread "jar transforms Thread 81" [_thread_blocked, id=5172, stack(0x000000a1d2000000,0x000000a1d2100000)]
  0x000001e5b2e04800 JavaThread "jar transforms Thread 80" [_thread_blocked, id=13640, stack(0x000000a1d1f00000,0x000000a1d2000000)]
  0x000001e5b2e0b000 JavaThread "jar transforms Thread 79" [_thread_blocked, id=13196, stack(0x000000a1d1e00000,0x000000a1d1f00000)]
  0x000001e5b2e04000 JavaThread "jar transforms Thread 78" [_thread_blocked, id=15524, stack(0x000000a1d1d00000,0x000000a1d1e00000)]
  0x000001e5b2e08800 JavaThread "jar transforms Thread 77" [_thread_blocked, id=8300, stack(0x000000a1d1c00000,0x000000a1d1d00000)]
  0x000001e5b2e0a000 JavaThread "jar transforms Thread 76" [_thread_blocked, id=10040, stack(0x000000a1d1b00000,0x000000a1d1c00000)]
  0x000001e5b2e07000 JavaThread "jar transforms Thread 75" [_thread_blocked, id=7976, stack(0x000000a1d1a00000,0x000000a1d1b00000)]
  0x000001e5b5439000 JavaThread "jar transforms Thread 74" [_thread_blocked, id=17372, stack(0x000000a1d1900000,0x000000a1d1a00000)]
  0x000001e5b543e800 JavaThread "jar transforms Thread 73" [_thread_blocked, id=1960, stack(0x000000a1d1800000,0x000000a1d1900000)]
  0x000001e5b543e000 JavaThread "jar transforms Thread 72" [_thread_blocked, id=9116, stack(0x000000a1d1700000,0x000000a1d1800000)]
  0x000001e5b543f800 JavaThread "jar transforms Thread 71" [_thread_blocked, id=15964, stack(0x000000a1d1600000,0x000000a1d1700000)]
  0x000001e5b5438800 JavaThread "jar transforms Thread 70" [_thread_blocked, id=9208, stack(0x000000a1d1500000,0x000000a1d1600000)]
  0x000001e5b543c000 JavaThread "jar transforms Thread 69" [_thread_blocked, id=16232, stack(0x000000a1d1400000,0x000000a1d1500000)]
  0x000001e5b543b800 JavaThread "jar transforms Thread 68" [_thread_blocked, id=15592, stack(0x000000a1d1300000,0x000000a1d1400000)]
  0x000001e5b543a000 JavaThread "jar transforms Thread 67" [_thread_blocked, id=2916, stack(0x000000a1d1200000,0x000000a1d1300000)]
  0x000001e5b543d000 JavaThread "jar transforms Thread 66" [_thread_blocked, id=5000, stack(0x000000a1d1100000,0x000000a1d1200000)]
  0x000001e5b543a800 JavaThread "jar transforms Thread 65" [_thread_blocked, id=5940, stack(0x000000a1d1000000,0x000000a1d1100000)]
  0x000001e5b6609000 JavaThread "jar transforms Thread 64" [_thread_blocked, id=5820, stack(0x000000a1d0f00000,0x000000a1d1000000)]
  0x000001e5b6605800 JavaThread "jar transforms Thread 63" [_thread_blocked, id=7924, stack(0x000000a1d0e00000,0x000000a1d0f00000)]
  0x000001e5b6605000 JavaThread "jar transforms Thread 62" [_thread_blocked, id=13972, stack(0x000000a1d0d00000,0x000000a1d0e00000)]
  0x000001e5b660a800 JavaThread "jar transforms Thread 61" [_thread_blocked, id=13648, stack(0x000000a1d0c00000,0x000000a1d0d00000)]
  0x000001e5b660c000 JavaThread "jar transforms Thread 60" [_thread_blocked, id=8140, stack(0x000000a1d0b00000,0x000000a1d0c00000)]
  0x000001e5b6609800 JavaThread "jar transforms Thread 59" [_thread_blocked, id=116, stack(0x000000a1d0a00000,0x000000a1d0b00000)]
  0x000001e5b6608000 JavaThread "jar transforms Thread 58" [_thread_blocked, id=12568, stack(0x000000a1d0900000,0x000000a1d0a00000)]
  0x000001e5b6606800 JavaThread "jar transforms Thread 57" [_thread_blocked, id=6928, stack(0x000000a1d0800000,0x000000a1d0900000)]
  0x000001e5b6607000 JavaThread "jar transforms Thread 56" [_thread_blocked, id=14752, stack(0x000000a1d0700000,0x000000a1d0800000)]
  0x000001e5b660b000 JavaThread "jar transforms Thread 55" [_thread_blocked, id=16512, stack(0x000000a1d0600000,0x000000a1d0700000)]
  0x000001e5b65fd000 JavaThread "jar transforms Thread 54" [_thread_blocked, id=4292, stack(0x000000a1d0500000,0x000000a1d0600000)]
  0x000001e5b65fe000 JavaThread "jar transforms Thread 53" [_thread_blocked, id=10696, stack(0x000000a1d0400000,0x000000a1d0500000)]
  0x000001e5b6602800 JavaThread "jar transforms Thread 52" [_thread_blocked, id=2888, stack(0x000000a1d0300000,0x000000a1d0400000)]
  0x000001e5b6600000 JavaThread "jar transforms Thread 51" [_thread_blocked, id=12764, stack(0x000000a1d0200000,0x000000a1d0300000)]
  0x000001e5b6603800 JavaThread "jar transforms Thread 50" [_thread_blocked, id=13464, stack(0x000000a1d0100000,0x000000a1d0200000)]
  0x000001e5b65ff800 JavaThread "jar transforms Thread 49" [_thread_blocked, id=5324, stack(0x000000a1d0000000,0x000000a1d0100000)]
  0x000001e5b6601000 JavaThread "jar transforms Thread 48" [_thread_blocked, id=4296, stack(0x000000a1cff00000,0x000000a1d0000000)]
  0x000001e5b65fe800 JavaThread "jar transforms Thread 47" [_thread_blocked, id=12312, stack(0x000000a1cfe00000,0x000000a1cff00000)]
  0x000001e5b6604000 JavaThread "jar transforms Thread 46" [_thread_blocked, id=3192, stack(0x000000a1cfd00000,0x000000a1cfe00000)]
  0x000001e5b6601800 JavaThread "jar transforms Thread 45" [_thread_blocked, id=5348, stack(0x000000a1cfc00000,0x000000a1cfd00000)]
  0x000001e5b65d8800 JavaThread "jar transforms Thread 44" [_thread_blocked, id=15072, stack(0x000000a1cfb00000,0x000000a1cfc00000)]
  0x000001e5b65e0000 JavaThread "jar transforms Thread 43" [_thread_blocked, id=15176, stack(0x000000a1cfa00000,0x000000a1cfb00000)]
  0x000001e5b65de000 JavaThread "jar transforms Thread 42" [_thread_blocked, id=16980, stack(0x000000a1cf900000,0x000000a1cfa00000)]
  0x000001e5b65dc800 JavaThread "jar transforms Thread 41" [_thread_blocked, id=15912, stack(0x000000a1cf800000,0x000000a1cf900000)]
  0x000001e5b65dd800 JavaThread "jar transforms Thread 40" [_thread_blocked, id=8556, stack(0x000000a1cf700000,0x000000a1cf800000)]
  0x000001e5b65dc000 JavaThread "jar transforms Thread 39" [_thread_blocked, id=984, stack(0x000000a1cf600000,0x000000a1cf700000)]
  0x000001e5b65df000 JavaThread "jar transforms Thread 38" [_thread_blocked, id=8116, stack(0x000000a1cf500000,0x000000a1cf600000)]
  0x000001e5b65d9800 JavaThread "jar transforms Thread 37" [_thread_blocked, id=16884, stack(0x000000a1cf400000,0x000000a1cf500000)]
  0x000001e5b65d7000 JavaThread "jar transforms Thread 36" [_thread_blocked, id=5520, stack(0x000000a1cf300000,0x000000a1cf400000)]
  0x000001e5b65db000 JavaThread "jar transforms Thread 35" [_thread_blocked, id=3116, stack(0x000000a1cf200000,0x000000a1cf300000)]
  0x000001e5b65d3000 JavaThread "jar transforms Thread 34" [_thread_blocked, id=12204, stack(0x000000a1cf100000,0x000000a1cf200000)]
  0x000001e5b65da800 JavaThread "jar transforms Thread 33" [_thread_blocked, id=1472, stack(0x000000a1cf000000,0x000000a1cf100000)]
  0x000001e5b65d1800 JavaThread "jar transforms Thread 32" [_thread_blocked, id=13764, stack(0x000000a1cef00000,0x000000a1cf000000)]
  0x000001e5b65d6800 JavaThread "jar transforms Thread 31" [_thread_blocked, id=11432, stack(0x000000a1cee00000,0x000000a1cef00000)]
  0x000001e5b65d1000 JavaThread "jar transforms Thread 30" [_thread_blocked, id=13588, stack(0x000000a1ced00000,0x000000a1cee00000)]
  0x000001e5b65d4000 JavaThread "jar transforms Thread 29" [_thread_blocked, id=13540, stack(0x000000a1cec00000,0x000000a1ced00000)]
  0x000001e5b65d5800 JavaThread "jar transforms Thread 28" [_thread_blocked, id=9456, stack(0x000000a1ceb00000,0x000000a1cec00000)]
  0x000001e5b65d8000 JavaThread "jar transforms Thread 27" [_thread_blocked, id=5964, stack(0x000000a1cea00000,0x000000a1ceb00000)]
  0x000001e5b65d5000 JavaThread "jar transforms Thread 26" [_thread_blocked, id=15148, stack(0x000000a1ce900000,0x000000a1cea00000)]
  0x000001e5b65d2800 JavaThread "jar transforms Thread 25" [_thread_blocked, id=13964, stack(0x000000a1ce800000,0x000000a1ce900000)]
  0x000001e5b40ef000 JavaThread "jar transforms Thread 24" [_thread_blocked, id=13804, stack(0x000000a1ce700000,0x000000a1ce800000)]
  0x000001e5b40e8000 JavaThread "jar transforms Thread 23" [_thread_blocked, id=11480, stack(0x000000a1ce600000,0x000000a1ce700000)]
  0x000001e5b40ee800 JavaThread "jar transforms Thread 22" [_thread_blocked, id=12068, stack(0x000000a1ce500000,0x000000a1ce600000)]
  0x000001e5b40ec000 JavaThread "Build operations Thread 16" [_thread_blocked, id=12652, stack(0x000000a1ce400000,0x000000a1ce500000)]
  0x000001e5b40e9000 JavaThread "Build operations Thread 15" [_thread_blocked, id=16040, stack(0x000000a1ce300000,0x000000a1ce400000)]
  0x000001e5b40eb000 JavaThread "Build operations Thread 14" [_thread_blocked, id=15420, stack(0x000000a1ce200000,0x000000a1ce300000)]
  0x000001e5b40ed800 JavaThread "Build operations Thread 13" [_thread_blocked, id=8068, stack(0x000000a1ce100000,0x000000a1ce200000)]
  0x000001e5b40ea800 JavaThread "Build operations Thread 12" [_thread_blocked, id=13300, stack(0x000000a1ce000000,0x000000a1ce100000)]
  0x000001e5b40ec800 JavaThread "Build operations Thread 11" [_thread_blocked, id=16120, stack(0x000000a1cdf00000,0x000000a1ce000000)]
  0x000001e5b40e9800 JavaThread "Build operations Thread 10" [_thread_blocked, id=13636, stack(0x000000a1cde00000,0x000000a1cdf00000)]
  0x000001e5b2a85800 JavaThread "Build operations Thread 9" [_thread_blocked, id=10660, stack(0x000000a1cdd00000,0x000000a1cde00000)]
  0x000001e5b2a84800 JavaThread "Build operations Thread 8" [_thread_blocked, id=16220, stack(0x000000a1cdc00000,0x000000a1cdd00000)]
  0x000001e5b2a84000 JavaThread "Build operations Thread 7" [_thread_blocked, id=8452, stack(0x000000a1cdb00000,0x000000a1cdc00000)]
  0x000001e5b2a83000 JavaThread "Build operations Thread 6" [_thread_blocked, id=10808, stack(0x000000a1cda00000,0x000000a1cdb00000)]
  0x000001e5b2a82000 JavaThread "Build operations Thread 5" [_thread_blocked, id=16092, stack(0x000000a1cd900000,0x000000a1cda00000)]
  0x000001e5b2a7a800 JavaThread "Build operations Thread 4" [_thread_blocked, id=1220, stack(0x000000a1cd800000,0x000000a1cd900000)]
  0x000001e5b2a81800 JavaThread "Build operations Thread 3" [_thread_blocked, id=9532, stack(0x000000a1cd700000,0x000000a1cd800000)]
  0x000001e5b2a80800 JavaThread "Build operations Thread 2" [_thread_blocked, id=7580, stack(0x000000a1cd600000,0x000000a1cd700000)]
  0x000001e5b2a80000 JavaThread "Build operations" [_thread_blocked, id=6856, stack(0x000000a1cd500000,0x000000a1cd600000)]
  0x000001e5b2a7f000 JavaThread "Cache worker for Build Output Cleanup Cache (B:\programs\Java_dev\codes\Notatka\Notes-master\.gradle\buildOutputCleanup)" [_thread_blocked, id=11584, stack(0x000000a1cd400000,0x000000a1cd500000)]
  0x000001e5b2a76800 JavaThread "Cache worker for file content cache (C:\Users\Oleg\.gradle\caches\6.7.1\fileContent)" [_thread_blocked, id=7956, stack(0x000000a1cd300000,0x000000a1cd400000)]
  0x000001e5b2a7b000 JavaThread "Cache worker for execution history cache (C:\Users\Oleg\.gradle\caches\6.7.1\executionHistory)" [_thread_blocked, id=17136, stack(0x000000a1cd200000,0x000000a1cd300000)]
  0x000001e5b2a79800 JavaThread "Cache worker for cache directory md-rule (C:\Users\Oleg\.gradle\caches\6.7.1\md-rule)" [_thread_blocked, id=16140, stack(0x000000a1cd100000,0x000000a1cd200000)]
  0x000001e5b2a7c800 JavaThread "Cache worker for cache directory md-supplier (C:\Users\Oleg\.gradle\caches\6.7.1\md-supplier)" [_thread_blocked, id=15212, stack(0x000000a1cd000000,0x000000a1cd100000)]
  0x000001e5b2a7d800 JavaThread "Cache worker for checksums cache (B:\programs\Java_dev\codes\Notatka\Notes-master\.gradle\checksums)" [_thread_blocked, id=15060, stack(0x000000a1ccf00000,0x000000a1cd000000)]
  0x000001e5b29dd800 JavaThread "jar transforms Thread 21" [_thread_blocked, id=13372, stack(0x000000a1cce00000,0x000000a1ccf00000)]
  0x000001e5b29dc800 JavaThread "jar transforms Thread 20" [_thread_blocked, id=13148, stack(0x000000a1ccd00000,0x000000a1cce00000)]
  0x000001e5b29dc000 JavaThread "jar transforms Thread 19" [_thread_blocked, id=14968, stack(0x000000a1ccc00000,0x000000a1ccd00000)]
  0x000001e5b29db000 JavaThread "jar transforms Thread 18" [_thread_blocked, id=15900, stack(0x000000a1ccb00000,0x000000a1ccc00000)]
  0x000001e5b29d8800 JavaThread "jar transforms Thread 17" [_thread_blocked, id=15364, stack(0x000000a1cca00000,0x000000a1ccb00000)]
  0x000001e5b29d9800 JavaThread "jar transforms Thread 16" [_thread_blocked, id=16144, stack(0x000000a1cc900000,0x000000a1cca00000)]
  0x000001e5b29d8000 JavaThread "jar transforms Thread 15" [_thread_blocked, id=13420, stack(0x000000a1cc800000,0x000000a1cc900000)]
  0x000001e5b29da000 JavaThread "jar transforms Thread 14" [_thread_blocked, id=10368, stack(0x000000a1cc700000,0x000000a1cc800000)]
  0x000001e5b29d7000 JavaThread "jar transforms Thread 13" [_thread_blocked, id=15624, stack(0x000000a1cc600000,0x000000a1cc700000)]
  0x000001e5b29cf000 JavaThread "jar transforms Thread 12" [_thread_blocked, id=15788, stack(0x000000a1cc500000,0x000000a1cc600000)]
  0x000001e5b29d6800 JavaThread "jar transforms Thread 11" [_thread_blocked, id=15280, stack(0x000000a1cc400000,0x000000a1cc500000)]
  0x000001e5b29d5800 JavaThread "jar transforms Thread 10" [_thread_blocked, id=15976, stack(0x000000a1cc300000,0x000000a1cc400000)]
  0x000001e5b29d4000 JavaThread "jar transforms Thread 9" [_thread_blocked, id=15820, stack(0x000000a1cc200000,0x000000a1cc300000)]
  0x000001e5b29d4800 JavaThread "jar transforms Thread 8" [_thread_blocked, id=8576, stack(0x000000a1cc100000,0x000000a1cc200000)]
  0x000001e5b29d3000 JavaThread "jar transforms Thread 7" [_thread_blocked, id=15272, stack(0x000000a1cc000000,0x000000a1cc100000)]
  0x000001e5b29d2800 JavaThread "jar transforms Thread 6" [_thread_blocked, id=13696, stack(0x000000a1cbf00000,0x000000a1cc000000)]
  0x000001e5b29d1000 JavaThread "jar transforms Thread 5" [_thread_blocked, id=7904, stack(0x000000a1cbe00000,0x000000a1cbf00000)]
  0x000001e5b29ce800 JavaThread "jar transforms Thread 4" [_thread_blocked, id=5444, stack(0x000000a1cbd00000,0x000000a1cbe00000)]
  0x000001e5b29d0000 JavaThread "jar transforms Thread 3" [_thread_blocked, id=16508, stack(0x000000a1cbc00000,0x000000a1cbd00000)]
  0x000001e5b29d1800 JavaThread "jar transforms Thread 2" [_thread_blocked, id=14200, stack(0x000000a1cbb00000,0x000000a1cbc00000)]
  0x000001e5ae98b800 JavaThread "jar transforms" [_thread_blocked, id=6044, stack(0x000000a1cba00000,0x000000a1cbb00000)]
  0x000001e5ae98a000 JavaThread "Cache worker for file hash cache (B:\programs\Java_dev\codes\Notatka\Notes-master\.gradle\6.7.1\fileHashes)" [_thread_blocked, id=13160, stack(0x000000a1cb900000,0x000000a1cba00000)]
  0x000001e5ae989000 JavaThread "Cache worker for journal cache (C:\Users\Oleg\.gradle\caches\journal-1)" [_thread_blocked, id=15940, stack(0x000000a1cb800000,0x000000a1cb900000)]
  0x000001e5ae988000 JavaThread "File lock request listener" [_thread_in_native, id=15508, stack(0x000000a1cb700000,0x000000a1cb800000)]
  0x000001e5ae98a800 JavaThread "Cache worker for file hash cache (C:\Users\Oleg\.gradle\caches\6.7.1\fileHashes)" [_thread_blocked, id=16728, stack(0x000000a1cb600000,0x000000a1cb700000)]
  0x000001e5b07cc800 JavaThread "Thread-9" [_thread_blocked, id=14252, stack(0x000000a1cb500000,0x000000a1cb600000)]
  0x000001e5b07c8800 JavaThread "Stdin handler" [_thread_blocked, id=12368, stack(0x000000a1cb400000,0x000000a1cb500000)]
  0x000001e5b07c6000 JavaThread "Asynchronous log dispatcher for DefaultDaemonConnection: socket connection from /127.0.0.1:54175 to /127.0.0.1:54176" [_thread_blocked, id=14408, stack(0x000000a1cb300000,0x000000a1cb400000)]
  0x000001e5b05be800 JavaThread "Daemon worker" [_thread_in_vm, id=9516, stack(0x000000a1cb200000,0x000000a1cb300000)]
  0x000001e5b07c5000 JavaThread "Cancel handler" [_thread_blocked, id=8948, stack(0x000000a1cb100000,0x000000a1cb200000)]
  0x000001e5b01eb800 JavaThread "Handler for socket connection from /127.0.0.1:54175 to /127.0.0.1:54176" [_thread_in_native, id=10536, stack(0x000000a1cb000000,0x000000a1cb100000)]
  0x000001e5b0206000 JavaThread "Daemon" [_thread_blocked, id=16700, stack(0x000000a1caf00000,0x000000a1cb000000)]
  0x000001e5b0635000 JavaThread "Daemon periodic checks" [_thread_blocked, id=16500, stack(0x000000a1cae00000,0x000000a1caf00000)]
  0x000001e5b062c000 JavaThread "Incoming local TCP Connector on port 54175" [_thread_in_native, id=16368, stack(0x000000a1cad00000,0x000000a1cae00000)]
  0x000001e5b0001800 JavaThread "Daemon health stats" [_thread_blocked, id=2084, stack(0x000000a1caa00000,0x000000a1cab00000)]
  0x000001e5ae9f3000 JavaThread "Service Thread" daemon [_thread_blocked, id=8724, stack(0x000000a1ca800000,0x000000a1ca900000)]
  0x000001e5ae98d000 JavaThread "C1 CompilerThread11" daemon [_thread_blocked, id=10344, stack(0x000000a1ca700000,0x000000a1ca800000)]
  0x000001e5ae987800 JavaThread "C1 CompilerThread10" daemon [_thread_blocked, id=6832, stack(0x000000a1ca600000,0x000000a1ca700000)]
  0x000001e5ae986000 JavaThread "C1 CompilerThread9" daemon [_thread_blocked, id=14776, stack(0x000000a1ca500000,0x000000a1ca600000)]
  0x000001e5ae986800 JavaThread "C1 CompilerThread8" daemon [_thread_blocked, id=3376, stack(0x000000a1ca400000,0x000000a1ca500000)]
=>0x000001e5ae963000 JavaThread "C2 CompilerThread7" daemon [_thread_in_native, id=14944, stack(0x000000a1ca300000,0x000000a1ca400000)]
  0x000001e5ae949800 JavaThread "C2 CompilerThread6" daemon [_thread_blocked, id=4112, stack(0x000000a1ca200000,0x000000a1ca300000)]
  0x000001e5ae93e800 JavaThread "C2 CompilerThread5" daemon [_thread_blocked, id=16488, stack(0x000000a1ca100000,0x000000a1ca200000)]
  0x000001e5ae937000 JavaThread "C2 CompilerThread4" daemon [_thread_in_native, id=14864, stack(0x000000a1ca000000,0x000000a1ca100000)]
  0x000001e5ae933000 JavaThread "C2 CompilerThread3" daemon [_thread_blocked, id=1480, stack(0x000000a1c9f00000,0x000000a1ca000000)]
  0x000001e5ae931000 JavaThread "C2 CompilerThread2" daemon [_thread_blocked, id=16444, stack(0x000000a1c9e00000,0x000000a1c9f00000)]
  0x000001e5ae92f000 JavaThread "C2 CompilerThread1" daemon [_thread_in_native, id=15992, stack(0x000000a1c9d00000,0x000000a1c9e00000)]
  0x000001e5abc1d800 JavaThread "C2 CompilerThread0" daemon [_thread_in_native, id=7800, stack(0x000000a1c9c00000,0x000000a1c9d00000)]
  0x000001e5ae92b800 JavaThread "Attach Listener" daemon [_thread_blocked, id=14620, stack(0x000000a1c9b00000,0x000000a1c9c00000)]
  0x000001e5ae929000 JavaThread "Signal Dispatcher" daemon [_thread_blocked, id=17208, stack(0x000000a1c9a00000,0x000000a1c9b00000)]
  0x000001e5abc09000 JavaThread "Finalizer" daemon [_thread_blocked, id=16528, stack(0x000000a1c9900000,0x000000a1c9a00000)]
  0x000001e5abc00000 JavaThread "Reference Handler" daemon [_thread_blocked, id=8616, stack(0x000000a1c9800000,0x000000a1c9900000)]
  0x000001e5957d3000 JavaThread "main" [_thread_blocked, id=8928, stack(0x000000a1c8900000,0x000000a1c8a00000)]

Other Threads:
  0x000001e5abbf7800 VMThread [stack: 0x000000a1c9700000,0x000000a1c9800000] [id=12752]
  0x000001e5ae9f6000 WatcherThread [stack: 0x000000a1ca900000,0x000000a1caa00000] [id=12804]

VM state:not at safepoint (normal execution)

VM Mutex/Monitor currently owned by a thread: None

heap address: 0x0000000080000000, size: 2048 MB, Compressed Oops mode: 32-bit
Narrow klass base: 0x0000000000000000, Narrow klass shift: 3
Compressed class space size: 1073741824 Address: 0x0000000100000000

Heap:
 PSYoungGen      total 274944K, used 232374K [0x00000000d5580000, 0x00000000ebf00000, 0x0000000100000000)
  eden space 251904K, 83% used [0x00000000d5580000,0x00000000e2272a68,0x00000000e4b80000)
  from space 23040K, 97% used [0x00000000e4b80000,0x00000000e617b078,0x00000000e6200000)
  to   space 26112K, 0% used [0x00000000ea580000,0x00000000ea580000,0x00000000ebf00000)
 ParOldGen       total 131072K, used 38706K [0x0000000080000000, 0x0000000088000000, 0x00000000d5580000)
  object space 131072K, 29% used [0x0000000080000000,0x00000000825cc8a8,0x0000000088000000)
 Metaspace       used 84231K, capacity 89590K, committed 89856K, reserved 1126400K
  class space    used 11726K, capacity 12722K, committed 12800K, reserved 1048576K

Card table byte_map: [0x000001e5a6660000,0x000001e5a6a70000] byte_map_base: 0x000001e5a6260000

Marking Bits: (ParMarkBitMap*) 0x000000005b2f1820
 Begin Bits: [0x000001e5a6d20000, 0x000001e5a8d20000)
 End Bits:   [0x000001e5a8d20000, 0x000001e5aad20000)

Polling page: 0x000001e595a00000

CodeCache: size=245760Kb used=31195Kb max_used=31195Kb free=214564Kb
 bounds [0x000001e5972a0000, 0x000001e599140000, 0x000001e5a62a0000]
 total_blobs=10121 nmethods=9299 adapters=732
 compilation: enabled

Compilation events (10 events):
Event: 11.596 Thread 0x000001e5ae931000 nmethod 10470 0x000001e599115990 code [0x000001e599115ac0, 0x000001e599115d18]
Event: 11.597 Thread 0x000001e5ae949800 10474       4       java.util.Arrays::hashCode (44 bytes)
Event: 11.598 Thread 0x000001e5ae98d000 nmethod 10457 0x000001e59911de90 code [0x000001e59911e980, 0x000001e5991265a0]
Event: 11.598 Thread 0x000001e5ae987800 10475       3       sun.security.provider.JavaKeyStore$JKS::convertAlias (8 bytes)
Event: 11.598 Thread 0x000001e5ae986800 10476       3       sun.security.x509.X509CertImpl::getEncodedInternal (22 bytes)
Event: 11.599 Thread 0x000001e5ae986800 nmethod 10476 0x000001e59911d9d0 code [0x000001e59911db40, 0x000001e59911ddb0]
Event: 11.599 Thread 0x000001e5ae987800 nmethod 10475 0x000001e59911d550 code [0x000001e59911d6c0, 0x000001e59911d8f0]
Event: 11.599 Thread 0x000001e5ae949800 nmethod 10474 0x000001e599119810 code [0x000001e599119940, 0x000001e599119a98]
Event: 11.604 Thread 0x000001e5ae986000 10477       3       java.util.regex.ASCII::toLower (16 bytes)
Event: 11.605 Thread 0x000001e5ae986000 nmethod 10477 0x000001e599119390 code [0x000001e599119500, 0x000001e599119758]

GC Heap History (10 events):
Event: 3.713 GC heap before
{Heap before GC invocations=10 (full 2):
 PSYoungGen      total 212480K, used 9446K [0x00000000d5580000, 0x00000000e3680000, 0x0000000100000000)
  eden space 198144K, 0% used [0x00000000d5580000,0x00000000d5580000,0x00000000e1700000)
  from space 14336K, 65% used [0x00000000e2500000,0x00000000e2e39ad0,0x00000000e3300000)
  to   space 14336K, 0% used [0x00000000e1700000,0x00000000e1700000,0x00000000e2500000)
 ParOldGen       total 56320K, used 10238K [0x0000000080000000, 0x0000000083700000, 0x00000000d5580000)
  object space 56320K, 18% used [0x0000000080000000,0x00000000809ffb68,0x0000000083700000)
 Metaspace       used 34057K, capacity 35396K, committed 35416K, reserved 1079296K
  class space    used 4774K, capacity 5105K, committed 5120K, reserved 1048576K
Event: 3.748 GC heap after
Heap after GC invocations=10 (full 2):
 PSYoungGen      total 212480K, used 0K [0x00000000d5580000, 0x00000000e3680000, 0x0000000100000000)
  eden space 198144K, 0% used [0x00000000d5580000,0x00000000d5580000,0x00000000e1700000)
  from space 14336K, 0% used [0x00000000e2500000,0x00000000e2500000,0x00000000e3300000)
  to   space 14336K, 0% used [0x00000000e1700000,0x00000000e1700000,0x00000000e2500000)
 ParOldGen       total 83968K, used 16130K [0x0000000080000000, 0x0000000085200000, 0x00000000d5580000)
  object space 83968K, 19% used [0x0000000080000000,0x0000000080fc08b8,0x0000000085200000)
 Metaspace       used 34057K, capacity 35396K, committed 35416K, reserved 1079296K
  class space    used 4774K, capacity 5105K, committed 5120K, reserved 1048576K
}
Event: 5.222 GC heap before
{Heap before GC invocations=11 (full 2):
 PSYoungGen      total 212480K, used 198144K [0x00000000d5580000, 0x00000000e3680000, 0x0000000100000000)
  eden space 198144K, 100% used [0x00000000d5580000,0x00000000e1700000,0x00000000e1700000)
  from space 14336K, 0% used [0x00000000e2500000,0x00000000e2500000,0x00000000e3300000)
  to   space 14336K, 0% used [0x00000000e1700000,0x00000000e1700000,0x00000000e2500000)
 ParOldGen       total 83968K, used 16130K [0x0000000080000000, 0x0000000085200000, 0x00000000d5580000)
  object space 83968K, 19% used [0x0000000080000000,0x0000000080fc08b8,0x0000000085200000)
 Metaspace       used 44413K, capacity 46578K, committed 46848K, reserved 1089536K
  class space    used 6131K, capacity 6537K, committed 6656K, reserved 1048576K
Event: 5.245 GC heap after
Heap after GC invocations=11 (full 2):
 PSYoungGen      total 212480K, used 14331K [0x00000000d5580000, 0x00000000e7300000, 0x0000000100000000)
  eden space 198144K, 0% used [0x00000000d5580000,0x00000000d5580000,0x00000000e1700000)
  from space 14336K, 99% used [0x00000000e1700000,0x00000000e24feca0,0x00000000e2500000)
  to   space 17408K, 0% used [0x00000000e6200000,0x00000000e6200000,0x00000000e7300000)
 ParOldGen       total 83968K, used 18481K [0x0000000080000000, 0x0000000085200000, 0x00000000d5580000)
  object space 83968K, 22% used [0x0000000080000000,0x000000008120c700,0x0000000085200000)
 Metaspace       used 44413K, capacity 46578K, committed 46848K, reserved 1089536K
  class space    used 6131K, capacity 6537K, committed 6656K, reserved 1048576K
}
Event: 6.730 GC heap before
{Heap before GC invocations=12 (full 2):
 PSYoungGen      total 212480K, used 170121K [0x00000000d5580000, 0x00000000e7300000, 0x0000000100000000)
  eden space 198144K, 78% used [0x00000000d5580000,0x00000000deda3930,0x00000000e1700000)
  from space 14336K, 99% used [0x00000000e1700000,0x00000000e24feca0,0x00000000e2500000)
  to   space 17408K, 0% used [0x00000000e6200000,0x00000000e6200000,0x00000000e7300000)
 ParOldGen       total 83968K, used 18481K [0x0000000080000000, 0x0000000085200000, 0x00000000d5580000)
  object space 83968K, 22% used [0x0000000080000000,0x000000008120c700,0x0000000085200000)
 Metaspace       used 56358K, capacity 58926K, committed 59028K, reserved 1099776K
  class space    used 7893K, capacity 8411K, committed 8448K, reserved 1048576K
Event: 6.780 GC heap after
Heap after GC invocations=12 (full 2):
 PSYoungGen      total 269312K, used 17396K [0x00000000d5580000, 0x00000000e8480000, 0x0000000100000000)
  eden space 251904K, 0% used [0x00000000d5580000,0x00000000d5580000,0x00000000e4b80000)
  from space 17408K, 99% used [0x00000000e6200000,0x00000000e72fd320,0x00000000e7300000)
  to   space 23040K, 0% used [0x00000000e4b80000,0x00000000e4b80000,0x00000000e6200000)
 ParOldGen       total 83968K, used 26862K [0x0000000080000000, 0x0000000085200000, 0x00000000d5580000)
  object space 83968K, 31% used [0x0000000080000000,0x0000000081a3bad0,0x0000000085200000)
 Metaspace       used 56358K, capacity 58926K, committed 59028K, reserved 1099776K
  class space    used 7893K, capacity 8411K, committed 8448K, reserved 1048576K
}
Event: 6.780 GC heap before
{Heap before GC invocations=13 (full 3):
 PSYoungGen      total 269312K, used 17396K [0x00000000d5580000, 0x00000000e8480000, 0x0000000100000000)
  eden space 251904K, 0% used [0x00000000d5580000,0x00000000d5580000,0x00000000e4b80000)
  from space 17408K, 99% used [0x00000000e6200000,0x00000000e72fd320,0x00000000e7300000)
  to   space 23040K, 0% used [0x00000000e4b80000,0x00000000e4b80000,0x00000000e6200000)
 ParOldGen       total 83968K, used 26862K [0x0000000080000000, 0x0000000085200000, 0x00000000d5580000)
  object space 83968K, 31% used [0x0000000080000000,0x0000000081a3bad0,0x0000000085200000)
 Metaspace       used 56358K, capacity 58926K, committed 59028K, reserved 1099776K
  class space    used 7893K, capacity 8411K, committed 8448K, reserved 1048576K
Event: 6.950 GC heap after
Heap after GC invocations=13 (full 3):
 PSYoungGen      total 269312K, used 0K [0x00000000d5580000, 0x00000000e8480000, 0x0000000100000000)
  eden space 251904K, 0% used [0x00000000d5580000,0x00000000d5580000,0x00000000e4b80000)
  from space 17408K, 0% used [0x00000000e6200000,0x00000000e6200000,0x00000000e7300000)
  to   space 23040K, 0% used [0x00000000e4b80000,0x00000000e4b80000,0x00000000e6200000)
 ParOldGen       total 131072K, used 38634K [0x0000000080000000, 0x0000000088000000, 0x00000000d5580000)
  object space 131072K, 29% used [0x0000000080000000,0x00000000825ba898,0x0000000088000000)
 Metaspace       used 56266K, capacity 58620K, committed 59028K, reserved 1099776K
  class space    used 7865K, capacity 8360K, committed 8448K, reserved 1048576K
}
Event: 9.317 GC heap before
{Heap before GC invocations=14 (full 3):
 PSYoungGen      total 269312K, used 251904K [0x00000000d5580000, 0x00000000e8480000, 0x0000000100000000)
  eden space 251904K, 100% used [0x00000000d5580000,0x00000000e4b80000,0x00000000e4b80000)
  from space 17408K, 0% used [0x00000000e6200000,0x00000000e6200000,0x00000000e7300000)
  to   space 23040K, 0% used [0x00000000e4b80000,0x00000000e4b80000,0x00000000e6200000)
 ParOldGen       total 131072K, used 38634K [0x0000000080000000, 0x0000000088000000, 0x00000000d5580000)
  object space 131072K, 29% used [0x0000000080000000,0x00000000825ba898,0x0000000088000000)
 Metaspace       used 71957K, capacity 75078K, committed 75264K, reserved 1114112K
  class space    used 10100K, capacity 10707K, committed 10752K, reserved 1048576K
Event: 9.392 GC heap after
Heap after GC invocations=14 (full 3):
 PSYoungGen      total 274944K, used 22508K [0x00000000d5580000, 0x00000000ebf00000, 0x0000000100000000)
  eden space 251904K, 0% used [0x00000000d5580000,0x00000000d5580000,0x00000000e4b80000)
  from space 23040K, 97% used [0x00000000e4b80000,0x00000000e617b078,0x00000000e6200000)
  to   space 26112K, 0% used [0x00000000ea580000,0x00000000ea580000,0x00000000ebf00000)
 ParOldGen       total 131072K, used 38706K [0x0000000080000000, 0x0000000088000000, 0x00000000d5580000)
  object space 131072K, 29% used [0x0000000080000000,0x00000000825cc8a8,0x0000000088000000)
 Metaspace       used 71957K, capacity 75078K, committed 75264K, reserved 1114112K
  class space    used 10100K, capacity 10707K, committed 10752K, reserved 1048576K
}

Deoptimization events (10 events):
Event: 11.367 Thread 0x000001e5b05be800 Uncommon trap: reason=unstable_if action=reinterpret pc=0x000001e597582a54 method=java.lang.CharacterDataLatin1.digit(II)I @ 82
Event: 11.390 Thread 0x000001e5b0635000 Uncommon trap: reason=speculate_class_check action=maybe_recompile pc=0x000001e598c4861c method=java.util.AbstractList.listIterator()Ljava/util/ListIterator; @ 2
Event: 11.444 Thread 0x000001e5b05be800 Uncommon trap: reason=unstable_if action=reinterpret pc=0x000001e598165bf8 method=org.gradle.cache.internal.btree.BlockPointer.isNull()Z @ 6
Event: 11.452 Thread 0x000001e5b05be800 Uncommon trap: reason=unstable_if action=reinterpret pc=0x000001e59758d234 method=java.util.regex.Pattern.closure(Ljava/util/regex/Pattern$Node;)Ljava/util/regex/Pattern$Node; @ 113
Event: 11.453 Thread 0x000001e5b05be800 Uncommon trap: reason=unstable_if action=reinterpret pc=0x000001e59757af18 method=java.lang.AbstractStringBuilder.append(Ljava/lang/String;)Ljava/lang/AbstractStringBuilder; @ 1
Event: 11.520 Thread 0x000001e5b05be800 Uncommon trap: reason=unstable_if action=reinterpret pc=0x000001e598412bac method=sun.nio.fs.WindowsPathParser.isSlash(C)Z @ 9
Event: 11.520 Thread 0x000001e5b05be800 Uncommon trap: reason=unstable_if action=reinterpret pc=0x000001e5977e7678 method=sun.nio.fs.WindowsPathParser.isSlash(C)Z @ 9
Event: 11.520 Thread 0x000001e5b05be800 Uncommon trap: reason=unstable_if action=reinterpret pc=0x000001e598391330 method=java.io.File.equals(Ljava/lang/Object;)Z @ 1
Event: 11.521 Thread 0x000001e5b05be800 Uncommon trap: reason=unstable_if action=reinterpret pc=0x000001e598394a78 method=sun.nio.fs.WindowsPathParser.isSlash(C)Z @ 9
Event: 11.544 Thread 0x000001e5b05be800 Uncommon trap: reason=unstable_if action=reinterpret pc=0x000001e598d813cc method=java.math.BigInteger.stripLeadingZeroBytes([B)[I @ 7

Classes redefined (0 events):
No events

Internal exceptions (10 events):
Event: 10.279 Thread 0x000001e5b40ec800 Exception <a 'java/lang/NoSuchMethodError': java.lang.Object.lambda$flatMap$2(Ljava/util/function/Function;Ljava/lang/Object;)Lorg/gradle/internal/Try;> (0x00000000d9d4de70) thrown at [C:\wsjdk\Corretto8Src\installers\windows\zip\corretto-build\buildRoot\
Event: 10.279 Thread 0x000001e5b40e9800 Exception <a 'java/lang/NoSuchMethodError': java.lang.Object.lambda$flatMap$2(Ljava/util/function/Function;Ljava/lang/Object;)Lorg/gradle/internal/Try;> (0x00000000d9e8f440) thrown at [C:\wsjdk\Corretto8Src\installers\windows\zip\corretto-build\buildRoot\
Event: 10.279 Thread 0x000001e5b2a82000 Exception <a 'java/lang/NoSuchMethodError': java.lang.Object.lambda$flatMap$2(Ljava/util/function/Function;Ljava/lang/Object;)Lorg/gradle/internal/Try;> (0x00000000d9eb4110) thrown at [C:\wsjdk\Corretto8Src\installers\windows\zip\corretto-build\buildRoot\
Event: 10.279 Thread 0x000001e5b2a81800 Exception <a 'java/lang/NoSuchMethodError': java.lang.Object.lambda$flatMap$2(Ljava/util/function/Function;Ljava/lang/Object;)Lorg/gradle/internal/Try;> (0x00000000d9e45e50) thrown at [C:\wsjdk\Corretto8Src\installers\windows\zip\corretto-build\buildRoot\
Event: 10.535 Thread 0x000001e5b2a80800 Exception <a 'java/lang/NoSuchMethodError': java.lang.Object.lambda$flatMap$0(Ljava/lang/Throwable;)Lorg/gradle/api/internal/artifacts/transform/CacheableInvocation;> (0x00000000d8c75e00) thrown at [C:\wsjdk\Corretto8Src\installers\windows\zip\corretto-bu
Event: 10.675 Thread 0x000001e5b524a000 Exception <a 'java/lang/NoSuchMethodError': java.lang.Object.lambda$comparingInt$7b0bb60$1(Ljava/util/function/ToIntFunction;Ljava/lang/Object;Ljava/lang/Object;)I> (0x00000000dcf5e638) thrown at [C:\wsjdk\Corretto8Src\installers\windows\zip\corretto-buil
Event: 10.995 Thread 0x000001e5b05be800 Exception <a 'java/lang/NoSuchMethodError': java.lang.Object.lambda$negate$1(Ljava/lang/Object;)Z> (0x00000000de5e70b0) thrown at [C:\wsjdk\Corretto8Src\installers\windows\zip\corretto-build\buildRoot\src\hotspot\src\share\vm\interpreter\linkResolver.cpp,
Event: 11.290 Thread 0x000001e5b05be800 Implicit null exception at 0x000001e599028352 to 0x000001e599028a11
Event: 11.452 Thread 0x000001e5b05be800 Implicit null exception at 0x000001e59757a9a1 to 0x000001e59757aefd
Event: 11.520 Thread 0x000001e5b05be800 Implicit null exception at 0x000001e598390daf to 0x000001e598391321

Events (10 events):
Event: 11.610 loading class javax/crypto/Cipher
Event: 11.611 loading class javax/crypto/Cipher done
Event: 11.611 loading class javax/crypto/Cipher$Transform
Event: 11.611 loading class javax/crypto/Cipher$Transform done
Event: 11.611 loading class sun/security/jca/ServiceId
Event: 11.611 loading class sun/security/jca/ServiceId done
Event: 11.611 loading class com/sun/crypto/provider/SunJCE
Event: 11.611 loading class com/sun/crypto/provider/SunJCE done
Event: 11.612 loading class com/sun/crypto/provider/SunJCE$1
Event: 11.612 loading class com/sun/crypto/provider/SunJCE$1 done


Dynamic libraries:
0x00007ff741d80000 - 0x00007ff741dba000 	C:\Users\Oleg\.jdks\corretto-1.8.0_302\bin\java.exe
0x00007ffef43d0000 - 0x00007ffef45c5000 	C:\Windows\SYSTEM32\ntdll.dll
0x00007ffef3ff0000 - 0x00007ffef40ad000 	C:\Windows\System32\KERNEL32.DLL
0x00007ffef1d30000 - 0x00007ffef1ff9000 	C:\Windows\System32\KERNELBASE.dll
0x00007ffef2d80000 - 0x00007ffef2e2c000 	C:\Windows\System32\ADVAPI32.dll
0x00007ffef36d0000 - 0x00007ffef376e000 	C:\Windows\System32\msvcrt.dll
0x00007ffef42c0000 - 0x00007ffef435b000 	C:\Windows\System32\sechost.dll
0x00007ffef4190000 - 0x00007ffef42ba000 	C:\Windows\System32\RPCRT4.dll
0x00007ffef2f60000 - 0x00007ffef3100000 	C:\Windows\System32\USER32.dll
0x00007ffef2320000 - 0x00007ffef2342000 	C:\Windows\System32\win32u.dll
0x00007ffef4160000 - 0x00007ffef418a000 	C:\Windows\System32\GDI32.dll
0x00007ffef2180000 - 0x00007ffef228b000 	C:\Windows\System32\gdi32full.dll
0x00007ffef1b30000 - 0x00007ffef1bcd000 	C:\Windows\System32\msvcp_win.dll
0x00007ffef2050000 - 0x00007ffef2150000 	C:\Windows\System32\ucrtbase.dll
0x00007ffee3080000 - 0x00007ffee331a000 	C:\Windows\WinSxS\amd64_microsoft.windows.common-controls_6595b64144ccf1df_6.0.19041.1110_none_60b5254171f9507e\COMCTL32.dll
0x00007ffef3440000 - 0x00007ffef3470000 	C:\Windows\System32\IMM32.DLL
0x00007ffeba120000 - 0x00007ffeba20f000 	C:\Users\Oleg\.jdks\corretto-1.8.0_302\jre\bin\msvcr120.dll
0x00007ffeb9d60000 - 0x00007ffeb9e06000 	C:\Users\Oleg\.jdks\corretto-1.8.0_302\jre\bin\msvcp120.dll
0x000000005ab00000 - 0x000000005b370000 	C:\Users\Oleg\.jdks\corretto-1.8.0_302\jre\bin\server\jvm.dll
0x00007ffedf3e0000 - 0x00007ffedf3e9000 	C:\Windows\SYSTEM32\WSOCK32.dll
0x00007ffef2e30000 - 0x00007ffef2e38000 	C:\Windows\System32\PSAPI.DLL
0x00007ffeebcf0000 - 0x00007ffeebcfa000 	C:\Windows\SYSTEM32\VERSION.dll
0x00007ffeea110000 - 0x00007ffeea137000 	C:\Windows\SYSTEM32\WINMM.dll
0x00007ffef33d0000 - 0x00007ffef343b000 	C:\Windows\System32\WS2_32.dll
0x00007ffeecb60000 - 0x00007ffeecb6f000 	C:\Users\Oleg\.jdks\corretto-1.8.0_302\jre\bin\verify.dll
0x00007ffed5c90000 - 0x00007ffed5cb9000 	C:\Users\Oleg\.jdks\corretto-1.8.0_302\jre\bin\java.dll
0x00007ffeda8e0000 - 0x00007ffeda8f6000 	C:\Users\Oleg\.jdks\corretto-1.8.0_302\jre\bin\zip.dll
0x00007ffef38a0000 - 0x00007ffef3fdf000 	C:\Windows\System32\SHELL32.dll
0x00007ffeefbc0000 - 0x00007ffef0350000 	C:\Windows\SYSTEM32\windows.storage.dll
0x00007ffef2a20000 - 0x00007ffef2d75000 	C:\Windows\System32\combase.dll
0x00007ffef1530000 - 0x00007ffef155c000 	C:\Windows\SYSTEM32\Wldp.dll
0x00007ffef40b0000 - 0x00007ffef415e000 	C:\Windows\System32\SHCORE.dll
0x00007ffef3180000 - 0x00007ffef31d5000 	C:\Windows\System32\shlwapi.dll
0x00007ffef1a10000 - 0x00007ffef1a2f000 	C:\Windows\SYSTEM32\profapi.dll
0x00007ffed9420000 - 0x00007ffed943a000 	C:\Users\Oleg\.jdks\corretto-1.8.0_302\jre\bin\net.dll
0x00007ffef1290000 - 0x00007ffef12fa000 	C:\Windows\system32\mswsock.dll
0x00007ffed5c70000 - 0x00007ffed5c82000 	C:\Users\Oleg\.jdks\corretto-1.8.0_302\jre\bin\nio.dll
0x00007ffedf200000 - 0x00007ffedf227000 	C:\Users\Oleg\.gradle\native\fdc75f09e3144964f2cf3f50f0aa648679c211496f362492102eb8c894070792\windows-amd64\native-platform.dll
0x00007ffeb22f0000 - 0x00007ffeb2486000 	C:\Users\Oleg\.gradle\native\12488b8bf47d2d4c9fbf2f6322a914ad602e24e48041cd04a747c6da556b65c4\windows-amd64\native-platform-file-events.dll
0x00007ffedef70000 - 0x00007ffedef7d000 	C:\Users\Oleg\.jdks\corretto-1.8.0_302\jre\bin\management.dll
0x00007ffef1480000 - 0x00007ffef1498000 	C:\Windows\SYSTEM32\CRYPTSP.dll
0x00007ffef0ba0000 - 0x00007ffef0bd4000 	C:\Windows\system32\rsaenh.dll
0x00007ffef2150000 - 0x00007ffef2177000 	C:\Windows\System32\bcrypt.dll
0x00007ffef1990000 - 0x00007ffef19be000 	C:\Windows\SYSTEM32\USERENV.dll
0x00007ffef2290000 - 0x00007ffef2313000 	C:\Windows\System32\bcryptprimitives.dll
0x00007ffef14a0000 - 0x00007ffef14ac000 	C:\Windows\SYSTEM32\CRYPTBASE.dll
0x00007ffef0f30000 - 0x00007ffef0f6b000 	C:\Windows\SYSTEM32\IPHLPAPI.DLL
0x00007ffef3fe0000 - 0x00007ffef3fe8000 	C:\Windows\System32\NSI.dll
0x00007ffeeba80000 - 0x00007ffeeba97000 	C:\Windows\SYSTEM32\dhcpcsvc6.DLL
0x00007ffeebb50000 - 0x00007ffeebb6d000 	C:\Windows\SYSTEM32\dhcpcsvc.DLL
0x00007ffef0f80000 - 0x00007ffef104c000 	C:\Windows\SYSTEM32\DNSAPI.dll
0x00007ffeebd50000 - 0x00007ffeebd5b000 	C:\Windows\SYSTEM32\WINNSI.DLL
0x00007ffedefe0000 - 0x00007ffedf003000 	C:\Users\Oleg\.jdks\corretto-1.8.0_302\jre\bin\sunec.dll

VM Arguments:
jvm_args: -Xmx2048m -Dfile.encoding=UTF-8 -Duser.country=RU -Duser.language=ru -Duser.variant 
java_command: org.gradle.launcher.daemon.bootstrap.GradleDaemon 6.7.1
java_class_path (initial): C:\Users\Oleg\.gradle\wrapper\dists\gradle-6.7.1-all\2moa8rlfac5eqlcfgk98k0deb\gradle-6.7.1\lib\gradle-launcher-6.7.1.jar
Launcher Type: SUN_STANDARD

Environment Variables:
PATH=C:\ProgramData\Oracle\Java\javapath;C:\Program Files (x86)\Common Files\Intel\Shared Libraries\redist\intel64\compiler;C:\Windows\system32;C:\Windows;C:\Windows\System32\Wbem;C:\Windows\System32\WindowsPowerShell\v1.0\;C:\Program Files (x86)\NVIDIA Corporation\PhysX\Common;C:\Program Files\NVIDIA Corporation\NVIDIA NvDLISR;C:\Program Files\Git\cmd;C:\Users\Oleg\AppData\Local\Microsoft\WindowsApps;
USERNAME=Oleg
OS=Windows_NT
PROCESSOR_IDENTIFIER=AMD64 Family 23 Model 96 Stepping 1, AuthenticAMD



---------------  S Y S T E M  ---------------

OS: Windows 10.0 , 64 bit Build 19041 (10.0.19041.1151)

CPU:total 16 (initial active 16) (16 cores per cpu, 1 threads per core) family 23 model 96 stepping 1, cmov, cx8, fxsr, mmx, sse, sse2, sse3, ssse3, sse4.1, sse4.2, popcnt, avx, avx2, aes, clmul, mmxext, 3dnowpref, lzcnt, sse4a, tsc, tscinvbit, tscinv, bmi1

Memory: 4k page, physical 7782856k(266836k free), swap 12810884k(5220k free)

vm_info: OpenJDK 64-Bit Server VM (25.302-b08) for windows-amd64 JRE (1.8.0_302-b08), built on Jul 15 2021 19:37:21 by "Administrator" with MS VC++ 12.0 (VS2013)

time: Thu Oct 14 20:13:52 2021
timezone: RTZ 2 (ceia)
elapsed time: 11.627812 seconds (0d 0h 0m 11s)

